2023-06-05 22:49:08.219 [INF] Application is starting...
2023-06-05 22:49:52.734 [INF] LogHeartBeatMiddleware.Invoke
2023-06-05 22:49:52.739 [INF] LogErrorHandlerMiddleware.Invoke
2023-06-05 22:49:52.741 [INF] LogRequestLoggingMiddleware.Invoke
2023-06-05 22:49:53.420 [INF] -------------Request-Begin------------
2023-06-05 22:49:53.425 [INF] Http Request Information: 
Schema:https 
Host: localhost:7235 
Path: /simapi/v1/Customer 
QueryString:  
Request Body: {
  "customerNumber": 10010,
  "firstName": "10010",
  "lastName": "10010",
  "dateOfBirth": "2023-06-05",
 
}
2023-06-05 22:49:53.427 [INF] 

2023-06-05 22:49:53.428 [INF] Http Response Information: 
Schema:https 
Host: localhost:7235 
Path: /simapi/v1/Customer 
QueryString:  
StatusCode: 400 
Response Body: {"type":"https://tools.ietf.org/html/rfc7231#section-6.5.1","title":"One or more validation errors occurred.","status":400,"traceId":"00-f1d61a9555db292368fe121cb922f794-ad5f71a6e3e2a461-00","errors":{"$":["The JSON object contains a trailing comma at the end which is not supported in this mode. Change the reader options. Path: $ | LineNumber: 6 | BytePositionInLine: 0."],"request":["The request field is required."]}
2023-06-05 22:49:53.430 [INF] -------------Request-End------------
2023-06-05 22:50:01.915 [INF] LogHeartBeatMiddleware.Invoke
2023-06-05 22:50:01.917 [INF] LogErrorHandlerMiddleware.Invoke
2023-06-05 22:50:01.918 [INF] LogRequestLoggingMiddleware.Invoke
2023-06-05 22:50:02.653 [WRN] The 'bool' property 'IsValid' on entity type 'Account' is configured with a database-generated default. This default will always be used for inserts when the property has the value 'false', since this is the CLR default for the 'bool' type. Consider using the nullable 'bool?' type instead, so that the default will only be used for inserts when the property value is 'null'.
2023-06-05 22:50:02.659 [WRN] The 'bool' property 'IsValid' on entity type 'Customer' is configured with a database-generated default. This default will always be used for inserts when the property has the value 'false', since this is the CLR default for the 'bool' type. Consider using the nullable 'bool?' type instead, so that the default will only be used for inserts when the property value is 'null'.
2023-06-05 22:50:03.588 [INF] -------------Request-Begin------------
2023-06-05 22:50:03.591 [INF] Http Request Information: 
Schema:https 
Host: localhost:7235 
Path: /simapi/v1/Customer 
QueryString:  
Request Body: {"customerNumber":10010,"firstName":"10010","lastName":"10010","dateOfBirth":"2023-06-05"}
2023-06-05 22:50:03.593 [INF] 

2023-06-05 22:50:03.594 [INF] Http Response Information: 
Schema:https 
Host: localhost:7235 
Path: /simapi/v1/Customer 
QueryString:  
StatusCode: 200 
Response Body: {"success":true,"message":null}
2023-06-05 22:50:03.595 [INF] -------------Request-End------------
2023-06-05 22:50:07.972 [INF] LogHeartBeatMiddleware.Invoke
2023-06-05 22:50:07.973 [INF] LogErrorHandlerMiddleware.Invoke
2023-06-05 22:50:07.975 [INF] LogRequestLoggingMiddleware.Invoke
2023-06-05 22:50:08.499 [WRN] Compiling a query which loads related collections for more than one collection navigation, either via 'Include' or through projection, but no 'QuerySplittingBehavior' has been configured. By default, Entity Framework will use 'QuerySplittingBehavior.SingleQuery', which can potentially result in slow query performance. See https://go.microsoft.com/fwlink/?linkid=2134277 for more information. To identify the query that's triggering this warning call 'ConfigureWarnings(w => w.Throw(RelationalEventId.MultipleCollectionIncludeWarning))'.
2023-06-05 22:50:08.599 [INF] -------------Request-Begin------------
2023-06-05 22:50:08.606 [INF] Http Request Information: 
Schema:https 
Host: localhost:7235 
Path: /simapi/v1/Customer 
QueryString:  
Request Body: 
2023-06-05 22:50:08.607 [INF] 

2023-06-05 22:50:08.607 [INF] Http Response Information: 
Schema:https 
Host: localhost:7235 
Path: /simapi/v1/Customer 
QueryString:  
StatusCode: 200 
Response Body: {"success":true,"message":"Success","response":[{"customerNumber":10010,"firstName":"10010","lastName":"10010","dateOfBirth":"2023-06-05T00:00:00","isValid":true,"accounts":[],"id":1}]}
2023-06-05 22:50:08.609 [INF] -------------Request-End------------
2023-06-05 22:50:40.799 [INF] LogHeartBeatMiddleware.Invoke
2023-06-05 22:50:40.811 [INF] LogErrorHandlerMiddleware.Invoke
2023-06-05 22:50:40.812 [INF] LogRequestLoggingMiddleware.Invoke
2023-06-05 22:50:40.886 [FTL] Path=/simapi/v1/Test || Method=GET || Exception=Unable to resolve service for type 'SimApi.Operation.TestCustomer.ITestCustomerService' while attempting to activate 'SimApi.Service.TestDapper.TestController'.
2023-06-05 22:50:40.923 [ERR] An unhandled exception has occurred while executing the request.
System.ObjectDisposedException: Cannot access a disposed object.
Object name: 'The stream with Id 24e13a3c-4b0c-4534-a5a3-cb1cc2ef96c5 and Tag  is disposed.'.
   at Microsoft.IO.RecyclableMemoryStream.ThrowDisposedException() in /_/src/RecyclableMemoryStream.cs:line 1453
   at Microsoft.IO.RecyclableMemoryStream.Write(Byte[] buffer, Int32 offset, Int32 count) in /_/src/RecyclableMemoryStream.cs:line 997
   at System.IO.MemoryStream.WriteAsync(ReadOnlyMemory`1 buffer, CancellationToken cancellationToken)
--- End of stack trace from previous location ---
   at System.IO.Pipelines.StreamPipeWriter.FlushAsyncInternal(Boolean writeToStream, ReadOnlyMemory`1 data, CancellationToken cancellationToken)
   at SimApi.Service.Middleware.ErrorHandlerMiddleware.Invoke(HttpContext context) in C:\Users\ercan\Downloads\pk-sim-main\SimpraBootcamp\SimApi\SimApi\Middleware\ErrorHandlerMiddleware.cs:line 33
   at SimApi.Service.Middleware.HeartBeatMiddleware.Invoke(HttpContext context) in C:\Users\ercan\Downloads\pk-sim-main\SimpraBootcamp\SimApi\SimApi\Middleware\HeartBeatMiddleware.cs:line 25
   at Swashbuckle.AspNetCore.SwaggerUI.SwaggerUIMiddleware.Invoke(HttpContext httpContext)
   at Swashbuckle.AspNetCore.Swagger.SwaggerMiddleware.Invoke(HttpContext httpContext, ISwaggerProvider swaggerProvider)
   at Microsoft.AspNetCore.Diagnostics.DeveloperExceptionPageMiddleware.Invoke(HttpContext context)
2023-06-05 22:50:40.996 [ERR] An exception was thrown attempting to display the error page.
System.ObjectDisposedException: Cannot access a disposed object.
Object name: 'The stream with Id 24e13a3c-4b0c-4534-a5a3-cb1cc2ef96c5 and Tag  is disposed.'.
   at Microsoft.IO.RecyclableMemoryStream.ThrowDisposedException() in /_/src/RecyclableMemoryStream.cs:line 1453
   at Microsoft.IO.RecyclableMemoryStream.Write(Byte[] buffer, Int32 offset, Int32 count) in /_/src/RecyclableMemoryStream.cs:line 997
   at System.IO.MemoryStream.WriteAsync(ReadOnlyMemory`1 buffer, CancellationToken cancellationToken)
--- End of stack trace from previous location ---
   at System.IO.Pipelines.StreamPipeWriter.FlushAsyncInternal(Boolean writeToStream, ReadOnlyMemory`1 data, CancellationToken cancellationToken)
   at Microsoft.AspNetCore.Diagnostics.DeveloperExceptionPageMiddleware.Invoke(HttpContext context)
2023-06-05 22:50:41.002 [ERR] Connection id "0HMR5VNNA80GQ", Request id "0HMR5VNNA80GQ:00000017": An unhandled exception was thrown by the application.
System.ObjectDisposedException: Cannot access a disposed object.
Object name: 'The stream with Id 24e13a3c-4b0c-4534-a5a3-cb1cc2ef96c5 and Tag  is disposed.'.
   at Microsoft.IO.RecyclableMemoryStream.ThrowDisposedException() in /_/src/RecyclableMemoryStream.cs:line 1453
   at Microsoft.IO.RecyclableMemoryStream.Write(Byte[] buffer, Int32 offset, Int32 count) in /_/src/RecyclableMemoryStream.cs:line 997
   at System.IO.MemoryStream.WriteAsync(ReadOnlyMemory`1 buffer, CancellationToken cancellationToken)
--- End of stack trace from previous location ---
   at System.IO.Pipelines.StreamPipeWriter.FlushAsyncInternal(Boolean writeToStream, ReadOnlyMemory`1 data, CancellationToken cancellationToken)
   at SimApi.Service.Middleware.ErrorHandlerMiddleware.Invoke(HttpContext context) in C:\Users\ercan\Downloads\pk-sim-main\SimpraBootcamp\SimApi\SimApi\Middleware\ErrorHandlerMiddleware.cs:line 33
   at SimApi.Service.Middleware.HeartBeatMiddleware.Invoke(HttpContext context) in C:\Users\ercan\Downloads\pk-sim-main\SimpraBootcamp\SimApi\SimApi\Middleware\HeartBeatMiddleware.cs:line 25
   at Swashbuckle.AspNetCore.SwaggerUI.SwaggerUIMiddleware.Invoke(HttpContext httpContext)
   at Swashbuckle.AspNetCore.Swagger.SwaggerMiddleware.Invoke(HttpContext httpContext, ISwaggerProvider swaggerProvider)
   at Microsoft.AspNetCore.Diagnostics.DeveloperExceptionPageMiddleware.Invoke(HttpContext context)
   at Microsoft.AspNetCore.Diagnostics.DeveloperExceptionPageMiddleware.Invoke(HttpContext context)
   at Microsoft.AspNetCore.Watch.BrowserRefresh.BrowserRefreshMiddleware.InvokeAsync(HttpContext context)
   at Microsoft.AspNetCore.Server.Kestrel.Core.Internal.Http.HttpProtocol.ProcessRequests[TContext](IHttpApplication`1 application)
2023-06-05 22:51:28.201 [INF] Application is starting...
2023-06-05 22:51:43.180 [INF] LogHeartBeatMiddleware.Invoke
2023-06-05 22:51:43.189 [INF] LogErrorHandlerMiddleware.Invoke
2023-06-05 22:51:43.192 [INF] LogRequestLoggingMiddleware.Invoke
2023-06-05 22:51:43.434 [FTL] Path=/simapi/v1/Test || Method=GET || Exception=Unable to resolve service for type 'SimApi.Operation.TestCustomer.ITestCustomerService' while attempting to activate 'SimApi.Service.TestDapper.TestController'.
2023-06-05 22:51:43.489 [ERR] An unhandled exception has occurred while executing the request.
System.ObjectDisposedException: Cannot access a disposed object.
Object name: 'The stream with Id c327e9c4-8f53-4fdb-9c4d-7662d68a1db1 and Tag  is disposed.'.
   at Microsoft.IO.RecyclableMemoryStream.ThrowDisposedException() in /_/src/RecyclableMemoryStream.cs:line 1453
   at Microsoft.IO.RecyclableMemoryStream.Write(Byte[] buffer, Int32 offset, Int32 count) in /_/src/RecyclableMemoryStream.cs:line 997
   at System.IO.MemoryStream.WriteAsync(ReadOnlyMemory`1 buffer, CancellationToken cancellationToken)
--- End of stack trace from previous location ---
   at System.IO.Pipelines.StreamPipeWriter.FlushAsyncInternal(Boolean writeToStream, ReadOnlyMemory`1 data, CancellationToken cancellationToken)
   at SimApi.Service.Middleware.ErrorHandlerMiddleware.Invoke(HttpContext context) in C:\Users\ercan\Downloads\pk-sim-main\SimpraBootcamp\SimApi\SimApi\Middleware\ErrorHandlerMiddleware.cs:line 33
   at SimApi.Service.Middleware.HeartBeatMiddleware.Invoke(HttpContext context) in C:\Users\ercan\Downloads\pk-sim-main\SimpraBootcamp\SimApi\SimApi\Middleware\HeartBeatMiddleware.cs:line 25
   at Swashbuckle.AspNetCore.SwaggerUI.SwaggerUIMiddleware.Invoke(HttpContext httpContext)
   at Swashbuckle.AspNetCore.Swagger.SwaggerMiddleware.Invoke(HttpContext httpContext, ISwaggerProvider swaggerProvider)
   at Microsoft.AspNetCore.Diagnostics.DeveloperExceptionPageMiddleware.Invoke(HttpContext context)
2023-06-05 22:51:43.563 [ERR] An exception was thrown attempting to display the error page.
System.ObjectDisposedException: Cannot access a disposed object.
Object name: 'The stream with Id c327e9c4-8f53-4fdb-9c4d-7662d68a1db1 and Tag  is disposed.'.
   at Microsoft.IO.RecyclableMemoryStream.ThrowDisposedException() in /_/src/RecyclableMemoryStream.cs:line 1453
   at Microsoft.IO.RecyclableMemoryStream.Write(Byte[] buffer, Int32 offset, Int32 count) in /_/src/RecyclableMemoryStream.cs:line 997
   at System.IO.MemoryStream.WriteAsync(ReadOnlyMemory`1 buffer, CancellationToken cancellationToken)
--- End of stack trace from previous location ---
   at System.IO.Pipelines.StreamPipeWriter.FlushAsyncInternal(Boolean writeToStream, ReadOnlyMemory`1 data, CancellationToken cancellationToken)
   at Microsoft.AspNetCore.Diagnostics.DeveloperExceptionPageMiddleware.Invoke(HttpContext context)
2023-06-05 22:51:43.572 [ERR] Connection id "0HMR5VP0KQF39", Request id "0HMR5VP0KQF39:00000009": An unhandled exception was thrown by the application.
System.ObjectDisposedException: Cannot access a disposed object.
Object name: 'The stream with Id c327e9c4-8f53-4fdb-9c4d-7662d68a1db1 and Tag  is disposed.'.
   at Microsoft.IO.RecyclableMemoryStream.ThrowDisposedException() in /_/src/RecyclableMemoryStream.cs:line 1453
   at Microsoft.IO.RecyclableMemoryStream.Write(Byte[] buffer, Int32 offset, Int32 count) in /_/src/RecyclableMemoryStream.cs:line 997
   at System.IO.MemoryStream.WriteAsync(ReadOnlyMemory`1 buffer, CancellationToken cancellationToken)
--- End of stack trace from previous location ---
   at System.IO.Pipelines.StreamPipeWriter.FlushAsyncInternal(Boolean writeToStream, ReadOnlyMemory`1 data, CancellationToken cancellationToken)
   at SimApi.Service.Middleware.ErrorHandlerMiddleware.Invoke(HttpContext context) in C:\Users\ercan\Downloads\pk-sim-main\SimpraBootcamp\SimApi\SimApi\Middleware\ErrorHandlerMiddleware.cs:line 33
   at SimApi.Service.Middleware.HeartBeatMiddleware.Invoke(HttpContext context) in C:\Users\ercan\Downloads\pk-sim-main\SimpraBootcamp\SimApi\SimApi\Middleware\HeartBeatMiddleware.cs:line 25
   at Swashbuckle.AspNetCore.SwaggerUI.SwaggerUIMiddleware.Invoke(HttpContext httpContext)
   at Swashbuckle.AspNetCore.Swagger.SwaggerMiddleware.Invoke(HttpContext httpContext, ISwaggerProvider swaggerProvider)
   at Microsoft.AspNetCore.Diagnostics.DeveloperExceptionPageMiddleware.Invoke(HttpContext context)
   at Microsoft.AspNetCore.Diagnostics.DeveloperExceptionPageMiddleware.Invoke(HttpContext context)
   at Microsoft.AspNetCore.Watch.BrowserRefresh.BrowserRefreshMiddleware.InvokeAsync(HttpContext context)
   at Microsoft.AspNetCore.Server.Kestrel.Core.Internal.Http.HttpProtocol.ProcessRequests[TContext](IHttpApplication`1 application)
2023-06-05 23:14:32.331 [INF] Application is starting...
2023-06-05 23:14:41.249 [INF] LogHeartBeatMiddleware.Invoke
2023-06-05 23:14:41.255 [INF] LogErrorHandlerMiddleware.Invoke
2023-06-05 23:14:41.257 [INF] LogRequestLoggingMiddleware.Invoke
2023-06-05 23:14:52.959 [ERR] GetAll Exception
System.InvalidOperationException: The ConnectionString property has not been initialized.
   at Microsoft.Data.SqlClient.SqlConnection.PermissionDemand()
   at Microsoft.Data.ProviderBase.DbConnectionInternal.TryOpenConnectionInternal(DbConnection outerConnection, DbConnectionFactory connectionFactory, TaskCompletionSource`1 retry, DbConnectionOptions userOptions)
   at Microsoft.Data.SqlClient.SqlConnection.TryOpen(TaskCompletionSource`1 retry, SqlConnectionOverrides overrides)
   at Microsoft.Data.SqlClient.SqlConnection.Open(SqlConnectionOverrides overrides)
   at Dapper.SqlMapper.QueryImpl[T](IDbConnection cnn, CommandDefinition command, Type effectiveType)+MoveNext() in /_/Dapper/SqlMapper.cs:line 1093
   at System.Collections.Generic.List`1..ctor(IEnumerable`1 collection)
   at System.Linq.Enumerable.ToList[TSource](IEnumerable`1 source)
   at Dapper.SqlMapper.Query[T](IDbConnection cnn, String sql, Object param, IDbTransaction transaction, Boolean buffered, Nullable`1 commandTimeout, Nullable`1 commandType) in /_/Dapper/SqlMapper.cs:line 734
   at SimApi.Data.Repository.DapperRepository`1.GetAll() in C:\Users\ercan\Downloads\pk-sim-main\SimpraBootcamp\SimApi\SimApi.Data\Repository\Dapper\DapperRepository.cs:line 20
   at SimApi.Operation.Dapper.DapperCategoryService.GetAll() in C:\Users\ercan\Downloads\pk-sim-main\SimpraBootcamp\SimApi\SimApi.Operation\Dapper\Category\DapperCategoryService.cs:line 37
2023-06-05 23:14:53.027 [INF] -------------Request-Begin------------
2023-06-05 23:14:53.028 [INF] Http Request Information: 
Schema:https 
Host: localhost:7235 
Path: /api/DapperCategory 
QueryString:  
Request Body: 
2023-06-05 23:14:53.029 [INF] 

2023-06-05 23:14:53.030 [INF] Http Response Information: 
Schema:https 
Host: localhost:7235 
Path: /api/DapperCategory 
QueryString:  
StatusCode: 200 
Response Body: {"success":false,"message":"The ConnectionString property has not been initialized.","response":null}
2023-06-05 23:14:53.030 [INF] -------------Request-End------------
