2023-06-06 00:44:27.729 [INF] Application is starting...
2023-06-06 00:44:39.610 [INF] LogHeartBeatMiddleware.Invoke
2023-06-06 00:44:39.618 [INF] LogErrorHandlerMiddleware.Invoke
2023-06-06 00:44:39.620 [INF] LogRequestLoggingMiddleware.Invoke
2023-06-06 00:45:03.028 [ERR] GetAll Exception
System.InvalidOperationException: The ConnectionString property has not been initialized.
   at Microsoft.Data.SqlClient.SqlConnection.PermissionDemand()
   at Microsoft.Data.ProviderBase.DbConnectionInternal.TryOpenConnectionInternal(DbConnection outerConnection, DbConnectionFactory connectionFactory, TaskCompletionSource`1 retry, DbConnectionOptions userOptions)
   at Microsoft.Data.SqlClient.SqlConnection.TryOpen(TaskCompletionSource`1 retry, SqlConnectionOverrides overrides)
   at Microsoft.Data.SqlClient.SqlConnection.Open(SqlConnectionOverrides overrides)
   at Dapper.SqlMapper.QueryImpl[T](IDbConnection cnn, CommandDefinition command, Type effectiveType)+MoveNext() in /_/Dapper/SqlMapper.cs:line 1093
   at System.Collections.Generic.List`1..ctor(IEnumerable`1 collection)
   at System.Linq.Enumerable.ToList[TSource](IEnumerable`1 source)
   at Dapper.SqlMapper.Query[T](IDbConnection cnn, String sql, Object param, IDbTransaction transaction, Boolean buffered, Nullable`1 commandTimeout, Nullable`1 commandType) in /_/Dapper/SqlMapper.cs:line 734
   at SimApi.Data.Repository.DapperRepository`1.GetAll() in C:\Users\ercan\Downloads\pk-sim-main\SimpraBootcamp\SimApi\SimApi.Data\Repository\Dapper\DapperRepository.cs:line 20
   at SimApi.Operation.Dapper.DapperCategoryService.GetAll() in C:\Users\ercan\Downloads\pk-sim-main\SimpraBootcamp\SimApi\SimApi.Operation\Dapper\Category\DapperCategoryService.cs:line 37
2023-06-06 00:45:03.100 [INF] -------------Request-Begin------------
2023-06-06 00:45:03.101 [INF] Http Request Information: 
Schema:https 
Host: localhost:7235 
Path: /api/DapperCategory 
QueryString:  
Request Body: 
2023-06-06 00:45:03.102 [INF] 

2023-06-06 00:45:03.103 [INF] Http Response Information: 
Schema:https 
Host: localhost:7235 
Path: /api/DapperCategory 
QueryString:  
StatusCode: 200 
Response Body: {"success":false,"message":"The ConnectionString property has not been initialized.","response":null}
2023-06-06 00:45:03.103 [INF] -------------Request-End------------
2023-06-06 00:45:07.484 [INF] LogHeartBeatMiddleware.Invoke
2023-06-06 00:45:07.485 [INF] LogErrorHandlerMiddleware.Invoke
2023-06-06 00:45:07.486 [INF] LogRequestLoggingMiddleware.Invoke
2023-06-06 00:46:09.451 [ERR] GetAll Exception
System.InvalidOperationException: The ConnectionString property has not been initialized.
   at Microsoft.Data.SqlClient.SqlConnection.PermissionDemand()
   at Microsoft.Data.ProviderBase.DbConnectionInternal.TryOpenConnectionInternal(DbConnection outerConnection, DbConnectionFactory connectionFactory, TaskCompletionSource`1 retry, DbConnectionOptions userOptions)
   at Microsoft.Data.SqlClient.SqlConnection.TryOpen(TaskCompletionSource`1 retry, SqlConnectionOverrides overrides)
   at Microsoft.Data.SqlClient.SqlConnection.Open(SqlConnectionOverrides overrides)
   at Dapper.SqlMapper.QueryImpl[T](IDbConnection cnn, CommandDefinition command, Type effectiveType)+MoveNext() in /_/Dapper/SqlMapper.cs:line 1093
   at System.Collections.Generic.List`1..ctor(IEnumerable`1 collection)
   at System.Linq.Enumerable.ToList[TSource](IEnumerable`1 source)
   at Dapper.SqlMapper.Query[T](IDbConnection cnn, String sql, Object param, IDbTransaction transaction, Boolean buffered, Nullable`1 commandTimeout, Nullable`1 commandType) in /_/Dapper/SqlMapper.cs:line 734
   at SimApi.Data.Repository.DapperRepository`1.GetAll() in C:\Users\ercan\Downloads\pk-sim-main\SimpraBootcamp\SimApi\SimApi.Data\Repository\Dapper\DapperRepository.cs:line 20
   at SimApi.Operation.Dapper.DapperCategoryService.GetAll() in C:\Users\ercan\Downloads\pk-sim-main\SimpraBootcamp\SimApi\SimApi.Operation\Dapper\Category\DapperCategoryService.cs:line 37
2023-06-06 00:46:15.300 [INF] -------------Request-Begin------------
2023-06-06 00:46:15.305 [INF] Http Request Information: 
Schema:https 
Host: localhost:7235 
Path: /api/DapperCategory 
QueryString:  
Request Body: 
2023-06-06 00:46:15.312 [INF] 

2023-06-06 00:46:15.313 [INF] Http Response Information: 
Schema:https 
Host: localhost:7235 
Path: /api/DapperCategory 
QueryString:  
StatusCode: 200 
Response Body: {"success":false,"message":"The ConnectionString property has not been initialized.","response":null}
2023-06-06 00:46:15.315 [INF] -------------Request-End------------
2023-06-06 00:48:41.332 [INF] Application is starting...
2023-06-06 00:48:47.740 [INF] LogHeartBeatMiddleware.Invoke
2023-06-06 00:48:47.744 [INF] LogErrorHandlerMiddleware.Invoke
2023-06-06 00:48:47.746 [INF] LogRequestLoggingMiddleware.Invoke
2023-06-06 00:48:48.534 [WRN] The 'bool' property 'IsValid' on entity type 'Account' is configured with a database-generated default. This default will always be used for inserts when the property has the value 'false', since this is the CLR default for the 'bool' type. Consider using the nullable 'bool?' type instead, so that the default will only be used for inserts when the property value is 'null'.
2023-06-06 00:48:48.538 [WRN] The 'bool' property 'IsValid' on entity type 'Customer' is configured with a database-generated default. This default will always be used for inserts when the property has the value 'false', since this is the CLR default for the 'bool' type. Consider using the nullable 'bool?' type instead, so that the default will only be used for inserts when the property value is 'null'.
2023-06-06 00:48:49.164 [WRN] Compiling a query which loads related collections for more than one collection navigation, either via 'Include' or through projection, but no 'QuerySplittingBehavior' has been configured. By default, Entity Framework will use 'QuerySplittingBehavior.SingleQuery', which can potentially result in slow query performance. See https://go.microsoft.com/fwlink/?linkid=2134277 for more information. To identify the query that's triggering this warning call 'ConfigureWarnings(w => w.Throw(RelationalEventId.MultipleCollectionIncludeWarning))'.
2023-06-06 00:48:49.754 [INF] -------------Request-Begin------------
2023-06-06 00:48:49.755 [INF] Http Request Information: 
Schema:https 
Host: localhost:7235 
Path: /simapi/v1/Customer 
QueryString:  
Request Body: 
2023-06-06 00:48:49.756 [INF] 

2023-06-06 00:48:49.758 [INF] Http Response Information: 
Schema:https 
Host: localhost:7235 
Path: /simapi/v1/Customer 
QueryString:  
StatusCode: 200 
Response Body: {"success":true,"message":"Success","response":[{"customerNumber":10010,"firstName":"10010","lastName":"10010","dateOfBirth":"2023-06-05T00:00:00","isValid":true,"accounts":[],"id":1}]}
2023-06-06 00:48:49.758 [INF] -------------Request-End------------
2023-06-06 00:52:00.487 [INF] Application is starting...
2023-06-06 00:52:10.537 [INF] LogHeartBeatMiddleware.Invoke
2023-06-06 00:52:10.545 [INF] LogErrorHandlerMiddleware.Invoke
2023-06-06 00:52:10.547 [INF] LogRequestLoggingMiddleware.Invoke
2023-06-06 00:52:41.637 [INF] Application is starting...
2023-06-06 00:52:51.166 [INF] LogHeartBeatMiddleware.Invoke
2023-06-06 00:52:51.171 [INF] LogErrorHandlerMiddleware.Invoke
2023-06-06 00:52:51.173 [INF] LogRequestLoggingMiddleware.Invoke
2023-06-06 00:52:56.551 [WRN] The 'bool' property 'IsValid' on entity type 'Account' is configured with a database-generated default. This default will always be used for inserts when the property has the value 'false', since this is the CLR default for the 'bool' type. Consider using the nullable 'bool?' type instead, so that the default will only be used for inserts when the property value is 'null'.
2023-06-06 00:52:56.556 [WRN] The 'bool' property 'IsValid' on entity type 'Customer' is configured with a database-generated default. This default will always be used for inserts when the property has the value 'false', since this is the CLR default for the 'bool' type. Consider using the nullable 'bool?' type instead, so that the default will only be used for inserts when the property value is 'null'.
2023-06-06 00:54:09.300 [INF] Application is starting...
2023-06-06 00:54:16.739 [INF] LogHeartBeatMiddleware.Invoke
2023-06-06 00:54:16.744 [INF] LogErrorHandlerMiddleware.Invoke
2023-06-06 00:54:16.746 [INF] LogRequestLoggingMiddleware.Invoke
2023-06-06 00:54:48.074 [INF] Application is starting...
2023-06-06 00:54:54.739 [INF] LogHeartBeatMiddleware.Invoke
2023-06-06 00:54:54.742 [INF] LogErrorHandlerMiddleware.Invoke
2023-06-06 00:54:54.744 [INF] LogRequestLoggingMiddleware.Invoke
2023-06-06 00:55:13.122 [INF] Application is starting...
2023-06-06 00:55:19.188 [INF] LogHeartBeatMiddleware.Invoke
2023-06-06 00:55:19.192 [INF] LogErrorHandlerMiddleware.Invoke
2023-06-06 00:55:19.196 [INF] LogRequestLoggingMiddleware.Invoke
2023-06-06 00:56:13.925 [INF] Application is starting...
2023-06-06 00:56:20.649 [INF] Application is starting...
2023-06-06 00:56:28.726 [INF] LogHeartBeatMiddleware.Invoke
2023-06-06 00:56:28.734 [INF] LogErrorHandlerMiddleware.Invoke
2023-06-06 00:56:28.738 [INF] LogRequestLoggingMiddleware.Invoke
2023-06-06 00:57:32.329 [INF] -------------Request-Begin------------
2023-06-06 00:57:32.335 [INF] Http Request Information: 
Schema:https 
Host: localhost:7235 
Path: /api/DapperCategory 
QueryString:  
Request Body: 
2023-06-06 00:57:32.337 [INF] 

2023-06-06 00:57:32.339 [INF] Http Response Information: 
Schema:https 
Host: localhost:7235 
Path: /api/DapperCategory 
QueryString:  
StatusCode: 200 
Response Body: {"success":true,"message":"Success","response":[{"name":"Elektronik eşyalar","order":10,"id":2}]}
2023-06-06 00:57:32.340 [INF] -------------Request-End------------
2023-06-06 00:58:45.339 [INF] Application is starting...
2023-06-06 00:59:21.121 [INF] LogHeartBeatMiddleware.Invoke
2023-06-06 00:59:21.126 [INF] LogErrorHandlerMiddleware.Invoke
2023-06-06 00:59:21.130 [INF] LogRequestLoggingMiddleware.Invoke
2023-06-06 00:59:36.142 [WRN] The 'bool' property 'IsValid' on entity type 'Account' is configured with a database-generated default. This default will always be used for inserts when the property has the value 'false', since this is the CLR default for the 'bool' type. Consider using the nullable 'bool?' type instead, so that the default will only be used for inserts when the property value is 'null'.
2023-06-06 00:59:36.148 [WRN] The 'bool' property 'IsValid' on entity type 'Customer' is configured with a database-generated default. This default will always be used for inserts when the property has the value 'false', since this is the CLR default for the 'bool' type. Consider using the nullable 'bool?' type instead, so that the default will only be used for inserts when the property value is 'null'.
2023-06-06 00:59:42.260 [INF] -------------Request-Begin------------
2023-06-06 00:59:42.261 [INF] Http Request Information: 
Schema:https 
Host: localhost:7235 
Path: /api/DapperCategory 
QueryString:  
Request Body: {"name":"küçük ev aletleri","order":20}
2023-06-06 00:59:42.263 [INF] 

2023-06-06 00:59:42.263 [INF] Http Response Information: 
Schema:https 
Host: localhost:7235 
Path: /api/DapperCategory 
QueryString:  
StatusCode: 200 
Response Body: {"success":true,"message":null}
2023-06-06 00:59:42.264 [INF] -------------Request-End------------
2023-06-06 00:59:48.578 [INF] LogHeartBeatMiddleware.Invoke
2023-06-06 00:59:48.580 [INF] LogErrorHandlerMiddleware.Invoke
2023-06-06 00:59:48.582 [INF] LogRequestLoggingMiddleware.Invoke
2023-06-06 00:59:52.071 [INF] -------------Request-Begin------------
2023-06-06 00:59:52.074 [INF] Http Request Information: 
Schema:https 
Host: localhost:7235 
Path: /api/DapperCategory 
QueryString:  
Request Body: 
2023-06-06 00:59:52.074 [INF] 

2023-06-06 00:59:52.076 [INF] Http Response Information: 
Schema:https 
Host: localhost:7235 
Path: /api/DapperCategory 
QueryString:  
StatusCode: 200 
Response Body: {"success":true,"message":"Success","response":[{"name":"Elektronik eşyalar","order":10,"id":2},{"name":"küçük ev aletleri","order":20,"id":3}]}
2023-06-06 00:59:52.077 [INF] -------------Request-End------------
2023-06-06 01:00:06.233 [INF] LogHeartBeatMiddleware.Invoke
2023-06-06 01:00:06.234 [INF] LogErrorHandlerMiddleware.Invoke
2023-06-06 01:00:06.235 [INF] LogRequestLoggingMiddleware.Invoke
2023-06-06 01:00:19.849 [INF] -------------Request-Begin------------
2023-06-06 01:00:19.851 [INF] Http Request Information: 
Schema:https 
Host: localhost:7235 
Path: /api/DapperCategory/3 
QueryString:  
Request Body: 
2023-06-06 01:00:19.852 [INF] 

2023-06-06 01:00:19.855 [INF] Http Response Information: 
Schema:https 
Host: localhost:7235 
Path: /api/DapperCategory/3 
QueryString:  
StatusCode: 200 
Response Body: {"success":true,"message":"Success","response":{"name":"küçük ev aletleri","order":20,"id":3}}
2023-06-06 01:00:19.857 [INF] -------------Request-End------------
2023-06-06 01:00:48.640 [INF] LogHeartBeatMiddleware.Invoke
2023-06-06 01:00:48.646 [INF] LogErrorHandlerMiddleware.Invoke
2023-06-06 01:00:48.647 [INF] LogRequestLoggingMiddleware.Invoke
2023-06-06 01:00:54.593 [ERR] Update Exception
System.InvalidOperationException: The instance of entity type 'Category' cannot be tracked because another instance with the same key value for {'Id'} is already being tracked. When attaching existing entities, ensure that only one entity instance with a given key value is attached. Consider using 'DbContextOptionsBuilder.EnableSensitiveDataLogging' to see the conflicting key values.
   at Microsoft.EntityFrameworkCore.ChangeTracking.Internal.IdentityMap`1.ThrowIdentityConflict(InternalEntityEntry entry)
   at Microsoft.EntityFrameworkCore.ChangeTracking.Internal.IdentityMap`1.Add(TKey key, InternalEntityEntry entry, Boolean updateDuplicate)
   at Microsoft.EntityFrameworkCore.ChangeTracking.Internal.StateManager.StartTracking(InternalEntityEntry entry)
   at Microsoft.EntityFrameworkCore.ChangeTracking.Internal.InternalEntityEntry.SetEntityState(EntityState oldState, EntityState newState, Boolean acceptChanges, Boolean modifyProperties)
   at Microsoft.EntityFrameworkCore.ChangeTracking.Internal.EntityGraphAttacher.PaintAction(EntityEntryGraphNode`1 node)
   at Microsoft.EntityFrameworkCore.ChangeTracking.Internal.EntityEntryGraphIterator.TraverseGraph[TState](EntityEntryGraphNode`1 node, Func`2 handleNode)
   at Microsoft.EntityFrameworkCore.ChangeTracking.Internal.EntityGraphAttacher.AttachGraph(InternalEntityEntry rootEntry, EntityState targetState, EntityState storeGeneratedWithKeySetTargetState, Boolean forceStateWhenUnknownKey)
   at Microsoft.EntityFrameworkCore.Internal.InternalDbSet`1.Update(TEntity entity)
   at SimApi.Data.Repository.GenericRepository`1.Update(Entity entity) in C:\Users\ercan\Downloads\pk-sim-main\SimpraBootcamp\SimApi\SimApi.Data\Repository\Base\GenericRepository.cs:line 75
   at SimApi.Operation.BaseService`3.Update(Int32 Id, TRequest request) in C:\Users\ercan\Downloads\pk-sim-main\SimpraBootcamp\SimApi\SimApi.Operation\Base\BaseService.cs:line 112
2023-06-06 01:01:03.570 [INF] -------------Request-Begin------------
2023-06-06 01:01:03.571 [INF] Http Request Information: 
Schema:https 
Host: localhost:7235 
Path: /api/DapperCategory/2 
QueryString:  
Request Body: {"name":"elektronik","order":50}
2023-06-06 01:01:03.572 [INF] 

2023-06-06 01:01:03.573 [INF] Http Response Information: 
Schema:https 
Host: localhost:7235 
Path: /api/DapperCategory/2 
QueryString:  
StatusCode: 200 
Response Body: {"success":false,"message":"The instance of entity type 'Category' cannot be tracked because another instance with the same key value for {'Id'} is already being tracked. When attaching existing entities, ensure that only one entity instance with a given key value is attached. Consider using 'DbContextOptionsBuilder.EnableSensitiveDataLogging' to see the conflicting key values."}
2023-06-06 01:01:03.574 [INF] -------------Request-End------------
2023-06-06 01:01:45.405 [INF] Application is starting...
2023-06-06 01:02:24.718 [INF] LogHeartBeatMiddleware.Invoke
2023-06-06 01:02:24.722 [INF] LogErrorHandlerMiddleware.Invoke
2023-06-06 01:02:24.725 [INF] LogRequestLoggingMiddleware.Invoke
2023-06-06 01:02:30.602 [WRN] The 'bool' property 'IsValid' on entity type 'Account' is configured with a database-generated default. This default will always be used for inserts when the property has the value 'false', since this is the CLR default for the 'bool' type. Consider using the nullable 'bool?' type instead, so that the default will only be used for inserts when the property value is 'null'.
2023-06-06 01:02:30.605 [WRN] The 'bool' property 'IsValid' on entity type 'Customer' is configured with a database-generated default. This default will always be used for inserts when the property has the value 'false', since this is the CLR default for the 'bool' type. Consider using the nullable 'bool?' type instead, so that the default will only be used for inserts when the property value is 'null'.
2023-06-06 01:02:31.595 [ERR] Update Exception
System.InvalidOperationException: The instance of entity type 'Category' cannot be tracked because another instance with the same key value for {'Id'} is already being tracked. When attaching existing entities, ensure that only one entity instance with a given key value is attached. Consider using 'DbContextOptionsBuilder.EnableSensitiveDataLogging' to see the conflicting key values.
   at Microsoft.EntityFrameworkCore.ChangeTracking.Internal.IdentityMap`1.ThrowIdentityConflict(InternalEntityEntry entry)
   at Microsoft.EntityFrameworkCore.ChangeTracking.Internal.IdentityMap`1.Add(TKey key, InternalEntityEntry entry, Boolean updateDuplicate)
   at Microsoft.EntityFrameworkCore.ChangeTracking.Internal.StateManager.StartTracking(InternalEntityEntry entry)
   at Microsoft.EntityFrameworkCore.ChangeTracking.Internal.InternalEntityEntry.SetEntityState(EntityState oldState, EntityState newState, Boolean acceptChanges, Boolean modifyProperties)
   at Microsoft.EntityFrameworkCore.ChangeTracking.Internal.EntityGraphAttacher.PaintAction(EntityEntryGraphNode`1 node)
   at Microsoft.EntityFrameworkCore.ChangeTracking.Internal.EntityEntryGraphIterator.TraverseGraph[TState](EntityEntryGraphNode`1 node, Func`2 handleNode)
   at Microsoft.EntityFrameworkCore.ChangeTracking.Internal.EntityGraphAttacher.AttachGraph(InternalEntityEntry rootEntry, EntityState targetState, EntityState storeGeneratedWithKeySetTargetState, Boolean forceStateWhenUnknownKey)
   at Microsoft.EntityFrameworkCore.Internal.InternalDbSet`1.Update(TEntity entity)
   at SimApi.Data.Repository.GenericRepository`1.Update(Entity entity) in C:\Users\ercan\Downloads\pk-sim-main\SimpraBootcamp\SimApi\SimApi.Data\Repository\Base\GenericRepository.cs:line 75
   at SimApi.Operation.BaseService`3.Update(Int32 Id, TRequest request) in C:\Users\ercan\Downloads\pk-sim-main\SimpraBootcamp\SimApi\SimApi.Operation\Base\BaseService.cs:line 112
2023-06-06 01:02:33.123 [INF] -------------Request-Begin------------
2023-06-06 01:02:33.125 [INF] Http Request Information: 
Schema:https 
Host: localhost:7235 
Path: /api/DapperCategory/2 
QueryString: ?id=2 
Request Body: {"name":"elektronik","order":30}
2023-06-06 01:02:33.130 [INF] 

2023-06-06 01:02:33.132 [INF] Http Response Information: 
Schema:https 
Host: localhost:7235 
Path: /api/DapperCategory/2 
QueryString: ?id=2 
StatusCode: 200 
Response Body: {"success":false,"message":"The instance of entity type 'Category' cannot be tracked because another instance with the same key value for {'Id'} is already being tracked. When attaching existing entities, ensure that only one entity instance with a given key value is attached. Consider using 'DbContextOptionsBuilder.EnableSensitiveDataLogging' to see the conflicting key values."}
2023-06-06 01:02:33.134 [INF] -------------Request-End------------
2023-06-06 01:05:31.190 [INF] Application is starting...
2023-06-06 01:05:40.942 [INF] LogHeartBeatMiddleware.Invoke
2023-06-06 01:05:40.947 [INF] LogErrorHandlerMiddleware.Invoke
2023-06-06 01:05:40.949 [INF] LogRequestLoggingMiddleware.Invoke
2023-06-06 01:05:43.990 [INF] -------------Request-Begin------------
2023-06-06 01:05:43.991 [INF] Http Request Information: 
Schema:https 
Host: localhost:7235 
Path: /api/DapperCategory 
QueryString:  
Request Body: 
2023-06-06 01:05:43.992 [INF] 

2023-06-06 01:05:43.992 [INF] Http Response Information: 
Schema:https 
Host: localhost:7235 
Path: /api/DapperCategory 
QueryString:  
StatusCode: 200 
Response Body: {"success":true,"message":"Success","response":[{"name":"Elektronik eşyalar","order":10,"id":2},{"name":"küçük ev aletleri","order":20,"id":3}]}
2023-06-06 01:05:43.994 [INF] -------------Request-End------------
2023-06-06 01:05:58.523 [INF] LogHeartBeatMiddleware.Invoke
2023-06-06 01:05:58.524 [INF] LogErrorHandlerMiddleware.Invoke
2023-06-06 01:05:58.525 [INF] LogRequestLoggingMiddleware.Invoke
2023-06-06 01:06:22.981 [INF] -------------Request-Begin------------
2023-06-06 01:06:22.983 [INF] Http Request Information: 
Schema:https 
Host: localhost:7235 
Path: /api/DapperCategory/2 
QueryString:  
Request Body: 
2023-06-06 01:06:22.987 [INF] 

2023-06-06 01:06:22.988 [INF] Http Response Information: 
Schema:https 
Host: localhost:7235 
Path: /api/DapperCategory/2 
QueryString:  
StatusCode: 200 
Response Body: {"success":true,"message":null}
2023-06-06 01:06:22.990 [INF] -------------Request-End------------
2023-06-06 01:06:41.808 [INF] LogHeartBeatMiddleware.Invoke
2023-06-06 01:06:41.811 [INF] LogErrorHandlerMiddleware.Invoke
2023-06-06 01:06:41.812 [INF] LogRequestLoggingMiddleware.Invoke
2023-06-06 01:06:47.017 [WRN] The 'bool' property 'IsValid' on entity type 'Account' is configured with a database-generated default. This default will always be used for inserts when the property has the value 'false', since this is the CLR default for the 'bool' type. Consider using the nullable 'bool?' type instead, so that the default will only be used for inserts when the property value is 'null'.
2023-06-06 01:06:47.023 [WRN] The 'bool' property 'IsValid' on entity type 'Customer' is configured with a database-generated default. This default will always be used for inserts when the property has the value 'false', since this is the CLR default for the 'bool' type. Consider using the nullable 'bool?' type instead, so that the default will only be used for inserts when the property value is 'null'.
2023-06-06 01:06:47.663 [ERR] Update Exception
System.InvalidOperationException: The instance of entity type 'Category' cannot be tracked because another instance with the same key value for {'Id'} is already being tracked. When attaching existing entities, ensure that only one entity instance with a given key value is attached. Consider using 'DbContextOptionsBuilder.EnableSensitiveDataLogging' to see the conflicting key values.
   at Microsoft.EntityFrameworkCore.ChangeTracking.Internal.IdentityMap`1.ThrowIdentityConflict(InternalEntityEntry entry)
   at Microsoft.EntityFrameworkCore.ChangeTracking.Internal.IdentityMap`1.Add(TKey key, InternalEntityEntry entry, Boolean updateDuplicate)
   at Microsoft.EntityFrameworkCore.ChangeTracking.Internal.StateManager.StartTracking(InternalEntityEntry entry)
   at Microsoft.EntityFrameworkCore.ChangeTracking.Internal.InternalEntityEntry.SetEntityState(EntityState oldState, EntityState newState, Boolean acceptChanges, Boolean modifyProperties)
   at Microsoft.EntityFrameworkCore.ChangeTracking.Internal.EntityGraphAttacher.PaintAction(EntityEntryGraphNode`1 node)
   at Microsoft.EntityFrameworkCore.ChangeTracking.Internal.EntityEntryGraphIterator.TraverseGraph[TState](EntityEntryGraphNode`1 node, Func`2 handleNode)
   at Microsoft.EntityFrameworkCore.ChangeTracking.Internal.EntityGraphAttacher.AttachGraph(InternalEntityEntry rootEntry, EntityState targetState, EntityState storeGeneratedWithKeySetTargetState, Boolean forceStateWhenUnknownKey)
   at Microsoft.EntityFrameworkCore.Internal.InternalDbSet`1.Update(TEntity entity)
   at SimApi.Data.Repository.GenericRepository`1.Update(Entity entity) in C:\Users\ercan\Downloads\pk-sim-main\SimpraBootcamp\SimApi\SimApi.Data\Repository\Base\GenericRepository.cs:line 75
   at SimApi.Operation.BaseService`3.Update(Int32 Id, TRequest request) in C:\Users\ercan\Downloads\pk-sim-main\SimpraBootcamp\SimApi\SimApi.Operation\Base\BaseService.cs:line 112
2023-06-06 01:06:49.792 [INF] -------------Request-Begin------------
2023-06-06 01:06:49.794 [INF] Http Request Information: 
Schema:https 
Host: localhost:7235 
Path: /api/DapperCategory/3 
QueryString:  
Request Body: {"id":3,"name":"string","order":30}
2023-06-06 01:06:49.795 [INF] 

2023-06-06 01:06:49.796 [INF] Http Response Information: 
Schema:https 
Host: localhost:7235 
Path: /api/DapperCategory/3 
QueryString:  
StatusCode: 200 
Response Body: {"success":false,"message":"The instance of entity type 'Category' cannot be tracked because another instance with the same key value for {'Id'} is already being tracked. When attaching existing entities, ensure that only one entity instance with a given key value is attached. Consider using 'DbContextOptionsBuilder.EnableSensitiveDataLogging' to see the conflicting key values."}
2023-06-06 01:06:49.797 [INF] -------------Request-End------------
2023-06-06 01:07:26.866 [INF] Application is starting...
2023-06-06 01:07:43.779 [INF] LogHeartBeatMiddleware.Invoke
2023-06-06 01:07:43.785 [INF] LogErrorHandlerMiddleware.Invoke
2023-06-06 01:07:43.787 [INF] LogRequestLoggingMiddleware.Invoke
2023-06-06 01:07:47.920 [WRN] The 'bool' property 'IsValid' on entity type 'Account' is configured with a database-generated default. This default will always be used for inserts when the property has the value 'false', since this is the CLR default for the 'bool' type. Consider using the nullable 'bool?' type instead, so that the default will only be used for inserts when the property value is 'null'.
2023-06-06 01:07:47.925 [WRN] The 'bool' property 'IsValid' on entity type 'Customer' is configured with a database-generated default. This default will always be used for inserts when the property has the value 'false', since this is the CLR default for the 'bool' type. Consider using the nullable 'bool?' type instead, so that the default will only be used for inserts when the property value is 'null'.
2023-06-06 01:07:49.022 [ERR] Update Exception
System.InvalidOperationException: The instance of entity type 'Category' cannot be tracked because another instance with the same key value for {'Id'} is already being tracked. When attaching existing entities, ensure that only one entity instance with a given key value is attached. Consider using 'DbContextOptionsBuilder.EnableSensitiveDataLogging' to see the conflicting key values.
   at Microsoft.EntityFrameworkCore.ChangeTracking.Internal.IdentityMap`1.ThrowIdentityConflict(InternalEntityEntry entry)
   at Microsoft.EntityFrameworkCore.ChangeTracking.Internal.IdentityMap`1.Add(TKey key, InternalEntityEntry entry, Boolean updateDuplicate)
   at Microsoft.EntityFrameworkCore.ChangeTracking.Internal.StateManager.StartTracking(InternalEntityEntry entry)
   at Microsoft.EntityFrameworkCore.ChangeTracking.Internal.InternalEntityEntry.SetEntityState(EntityState oldState, EntityState newState, Boolean acceptChanges, Boolean modifyProperties)
   at Microsoft.EntityFrameworkCore.ChangeTracking.Internal.EntityGraphAttacher.PaintAction(EntityEntryGraphNode`1 node)
   at Microsoft.EntityFrameworkCore.ChangeTracking.Internal.EntityEntryGraphIterator.TraverseGraph[TState](EntityEntryGraphNode`1 node, Func`2 handleNode)
   at Microsoft.EntityFrameworkCore.ChangeTracking.Internal.EntityGraphAttacher.AttachGraph(InternalEntityEntry rootEntry, EntityState targetState, EntityState storeGeneratedWithKeySetTargetState, Boolean forceStateWhenUnknownKey)
   at Microsoft.EntityFrameworkCore.Internal.InternalDbSet`1.Update(TEntity entity)
   at SimApi.Data.Repository.GenericRepository`1.Update(Entity entity) in C:\Users\ercan\Downloads\pk-sim-main\SimpraBootcamp\SimApi\SimApi.Data\Repository\Base\GenericRepository.cs:line 75
   at SimApi.Operation.BaseService`3.Update(Int32 Id, TRequest request) in C:\Users\ercan\Downloads\pk-sim-main\SimpraBootcamp\SimApi\SimApi.Operation\Base\BaseService.cs:line 112
2023-06-06 01:07:56.043 [INF] -------------Request-Begin------------
2023-06-06 01:07:56.045 [INF] Http Request Information: 
Schema:https 
Host: localhost:7235 
Path: /api/DapperCategory/3 
QueryString:  
Request Body: {"name":"string","order":20}
2023-06-06 01:07:56.046 [INF] 

2023-06-06 01:07:56.047 [INF] Http Response Information: 
Schema:https 
Host: localhost:7235 
Path: /api/DapperCategory/3 
QueryString:  
StatusCode: 200 
Response Body: {"success":false,"message":"The instance of entity type 'Category' cannot be tracked because another instance with the same key value for {'Id'} is already being tracked. When attaching existing entities, ensure that only one entity instance with a given key value is attached. Consider using 'DbContextOptionsBuilder.EnableSensitiveDataLogging' to see the conflicting key values."}
2023-06-06 01:07:56.048 [INF] -------------Request-End------------
2023-06-06 01:08:05.556 [INF] LogHeartBeatMiddleware.Invoke
2023-06-06 01:08:05.557 [INF] LogErrorHandlerMiddleware.Invoke
2023-06-06 01:08:05.558 [INF] LogRequestLoggingMiddleware.Invoke
2023-06-06 01:08:23.254 [ERR] Update Exception
System.InvalidOperationException: The instance of entity type 'Category' cannot be tracked because another instance with the same key value for {'Id'} is already being tracked. When attaching existing entities, ensure that only one entity instance with a given key value is attached. Consider using 'DbContextOptionsBuilder.EnableSensitiveDataLogging' to see the conflicting key values.
   at Microsoft.EntityFrameworkCore.ChangeTracking.Internal.IdentityMap`1.ThrowIdentityConflict(InternalEntityEntry entry)
   at Microsoft.EntityFrameworkCore.ChangeTracking.Internal.IdentityMap`1.Add(TKey key, InternalEntityEntry entry, Boolean updateDuplicate)
   at Microsoft.EntityFrameworkCore.ChangeTracking.Internal.StateManager.StartTracking(InternalEntityEntry entry)
   at Microsoft.EntityFrameworkCore.ChangeTracking.Internal.InternalEntityEntry.SetEntityState(EntityState oldState, EntityState newState, Boolean acceptChanges, Boolean modifyProperties)
   at Microsoft.EntityFrameworkCore.ChangeTracking.Internal.EntityGraphAttacher.PaintAction(EntityEntryGraphNode`1 node)
   at Microsoft.EntityFrameworkCore.ChangeTracking.Internal.EntityEntryGraphIterator.TraverseGraph[TState](EntityEntryGraphNode`1 node, Func`2 handleNode)
   at Microsoft.EntityFrameworkCore.ChangeTracking.Internal.EntityGraphAttacher.AttachGraph(InternalEntityEntry rootEntry, EntityState targetState, EntityState storeGeneratedWithKeySetTargetState, Boolean forceStateWhenUnknownKey)
   at Microsoft.EntityFrameworkCore.Internal.InternalDbSet`1.Update(TEntity entity)
   at SimApi.Data.Repository.GenericRepository`1.Update(Entity entity) in C:\Users\ercan\Downloads\pk-sim-main\SimpraBootcamp\SimApi\SimApi.Data\Repository\Base\GenericRepository.cs:line 75
   at SimApi.Operation.BaseService`3.Update(Int32 Id, TRequest request) in C:\Users\ercan\Downloads\pk-sim-main\SimpraBootcamp\SimApi\SimApi.Operation\Base\BaseService.cs:line 112
2023-06-06 01:08:23.257 [INF] -------------Request-Begin------------
2023-06-06 01:08:23.257 [INF] Http Request Information: 
Schema:https 
Host: localhost:7235 
Path: /api/DapperCategory/3 
QueryString:  
Request Body: {"name":"string","order":20}
2023-06-06 01:08:23.258 [INF] 

2023-06-06 01:08:23.259 [INF] Http Response Information: 
Schema:https 
Host: localhost:7235 
Path: /api/DapperCategory/3 
QueryString:  
StatusCode: 200 
Response Body: {"success":false,"message":"The instance of entity type 'Category' cannot be tracked because another instance with the same key value for {'Id'} is already being tracked. When attaching existing entities, ensure that only one entity instance with a given key value is attached. Consider using 'DbContextOptionsBuilder.EnableSensitiveDataLogging' to see the conflicting key values."}
2023-06-06 01:08:23.262 [INF] -------------Request-End------------
2023-06-06 01:09:19.153 [INF] Application is starting...
2023-06-06 01:09:35.597 [INF] LogHeartBeatMiddleware.Invoke
2023-06-06 01:09:35.601 [INF] LogErrorHandlerMiddleware.Invoke
2023-06-06 01:09:35.605 [INF] LogRequestLoggingMiddleware.Invoke
2023-06-06 01:09:44.419 [WRN] The 'bool' property 'IsValid' on entity type 'Account' is configured with a database-generated default. This default will always be used for inserts when the property has the value 'false', since this is the CLR default for the 'bool' type. Consider using the nullable 'bool?' type instead, so that the default will only be used for inserts when the property value is 'null'.
2023-06-06 01:09:44.427 [WRN] The 'bool' property 'IsValid' on entity type 'Customer' is configured with a database-generated default. This default will always be used for inserts when the property has the value 'false', since this is the CLR default for the 'bool' type. Consider using the nullable 'bool?' type instead, so that the default will only be used for inserts when the property value is 'null'.
2023-06-06 01:10:55.543 [INF] Application is starting...
2023-06-06 01:11:11.424 [INF] LogHeartBeatMiddleware.Invoke
2023-06-06 01:11:11.429 [INF] LogErrorHandlerMiddleware.Invoke
2023-06-06 01:11:11.432 [INF] LogRequestLoggingMiddleware.Invoke
2023-06-06 01:12:13.473 [ERR] Update Exception
Microsoft.Data.SqlClient.SqlException (0x80131904): Incorrect syntax near the keyword 'Order'.
   at Microsoft.Data.SqlClient.SqlConnection.OnError(SqlException exception, Boolean breakConnection, Action`1 wrapCloseInAction)
   at Microsoft.Data.SqlClient.TdsParser.ThrowExceptionAndWarning(TdsParserStateObject stateObj, Boolean callerHasConnectionLock, Boolean asyncClose)
   at Microsoft.Data.SqlClient.TdsParser.TryRun(RunBehavior runBehavior, SqlCommand cmdHandler, SqlDataReader dataStream, BulkCopySimpleResultSet bulkCopyHandler, TdsParserStateObject stateObj, Boolean& dataReady)
   at Microsoft.Data.SqlClient.SqlCommand.FinishExecuteReader(SqlDataReader ds, RunBehavior runBehavior, String resetOptionsString, Boolean isInternal, Boolean forDescribeParameterEncryption, Boolean shouldCacheForAlwaysEncrypted)
   at Microsoft.Data.SqlClient.SqlCommand.RunExecuteReaderTds(CommandBehavior cmdBehavior, RunBehavior runBehavior, Boolean returnStream, Boolean isAsync, Int32 timeout, Task& task, Boolean asyncWrite, Boolean inRetry, SqlDataReader ds, Boolean describeParameterEncryptionRequest)
   at Microsoft.Data.SqlClient.SqlCommand.RunExecuteReader(CommandBehavior cmdBehavior, RunBehavior runBehavior, Boolean returnStream, TaskCompletionSource`1 completion, Int32 timeout, Task& task, Boolean& usedCache, Boolean asyncWrite, Boolean inRetry, String method)
   at Microsoft.Data.SqlClient.SqlCommand.InternalExecuteNonQuery(TaskCompletionSource`1 completion, Boolean sendToPipe, Int32 timeout, Boolean& usedCache, Boolean asyncWrite, Boolean inRetry, String methodName)
   at Microsoft.Data.SqlClient.SqlCommand.ExecuteNonQuery()
   at Dapper.SqlMapper.ExecuteCommand(IDbConnection cnn, CommandDefinition& command, Action`2 paramReader) in /_/Dapper/SqlMapper.cs:line 2848
   at Dapper.SqlMapper.ExecuteImpl(IDbConnection cnn, CommandDefinition& command) in /_/Dapper/SqlMapper.cs:line 581
   at Dapper.SqlMapper.Execute(IDbConnection cnn, String sql, Object param, IDbTransaction transaction, Nullable`1 commandTimeout, Nullable`1 commandType) in /_/Dapper/SqlMapper.cs:line 452
   at SimApi.Data.Repository.DapperRepository`1.Update(TEntity entity) in C:\Users\ercan\Downloads\pk-sim-main\SimpraBootcamp\SimApi\SimApi.Data\Repository\Dapper\DapperRepository.cs:line 48
   at SimApi.Operation.Dapper.DapperCategoryService.Update(Int32 Id, CategoryRequest request) in C:\Users\ercan\Downloads\pk-sim-main\SimpraBootcamp\SimApi\SimApi.Operation\Dapper\Category\DapperCategoryService.cs:line 99
ClientConnectionId:0f26b5d5-d3ed-471d-8981-25e7144b4b38
Error Number:156,State:1,Class:15
2023-06-06 01:12:13.551 [INF] -------------Request-Begin------------
2023-06-06 01:12:13.553 [INF] Http Request Information: 
Schema:https 
Host: localhost:7235 
Path: /api/DapperCategory/3 
QueryString:  
Request Body: {"name":"string","order":30}
2023-06-06 01:12:13.558 [INF] 

2023-06-06 01:12:13.563 [INF] Http Response Information: 
Schema:https 
Host: localhost:7235 
Path: /api/DapperCategory/3 
QueryString:  
StatusCode: 200 
Response Body: {"success":false,"message":"Incorrect syntax near the keyword 'Order'."}
2023-06-06 01:12:13.564 [INF] -------------Request-End------------
2023-06-06 01:12:19.806 [INF] LogHeartBeatMiddleware.Invoke
2023-06-06 01:12:19.807 [INF] LogErrorHandlerMiddleware.Invoke
2023-06-06 01:12:19.808 [INF] LogRequestLoggingMiddleware.Invoke
2023-06-06 01:14:01.221 [ERR] Update Exception
Microsoft.Data.SqlClient.SqlException (0x80131904): Incorrect syntax near the keyword 'Order'.
   at Microsoft.Data.SqlClient.SqlConnection.OnError(SqlException exception, Boolean breakConnection, Action`1 wrapCloseInAction)
   at Microsoft.Data.SqlClient.TdsParser.ThrowExceptionAndWarning(TdsParserStateObject stateObj, Boolean callerHasConnectionLock, Boolean asyncClose)
   at Microsoft.Data.SqlClient.TdsParser.TryRun(RunBehavior runBehavior, SqlCommand cmdHandler, SqlDataReader dataStream, BulkCopySimpleResultSet bulkCopyHandler, TdsParserStateObject stateObj, Boolean& dataReady)
   at Microsoft.Data.SqlClient.SqlCommand.FinishExecuteReader(SqlDataReader ds, RunBehavior runBehavior, String resetOptionsString, Boolean isInternal, Boolean forDescribeParameterEncryption, Boolean shouldCacheForAlwaysEncrypted)
   at Microsoft.Data.SqlClient.SqlCommand.RunExecuteReaderTds(CommandBehavior cmdBehavior, RunBehavior runBehavior, Boolean returnStream, Boolean isAsync, Int32 timeout, Task& task, Boolean asyncWrite, Boolean inRetry, SqlDataReader ds, Boolean describeParameterEncryptionRequest)
   at Microsoft.Data.SqlClient.SqlCommand.RunExecuteReader(CommandBehavior cmdBehavior, RunBehavior runBehavior, Boolean returnStream, TaskCompletionSource`1 completion, Int32 timeout, Task& task, Boolean& usedCache, Boolean asyncWrite, Boolean inRetry, String method)
   at Microsoft.Data.SqlClient.SqlCommand.InternalExecuteNonQuery(TaskCompletionSource`1 completion, Boolean sendToPipe, Int32 timeout, Boolean& usedCache, Boolean asyncWrite, Boolean inRetry, String methodName)
   at Microsoft.Data.SqlClient.SqlCommand.ExecuteNonQuery()
   at Dapper.SqlMapper.ExecuteCommand(IDbConnection cnn, CommandDefinition& command, Action`2 paramReader) in /_/Dapper/SqlMapper.cs:line 2848
   at Dapper.SqlMapper.ExecuteImpl(IDbConnection cnn, CommandDefinition& command) in /_/Dapper/SqlMapper.cs:line 581
   at Dapper.SqlMapper.Execute(IDbConnection cnn, String sql, Object param, IDbTransaction transaction, Nullable`1 commandTimeout, Nullable`1 commandType) in /_/Dapper/SqlMapper.cs:line 452
   at SimApi.Data.Repository.DapperRepository`1.Update(TEntity entity) in C:\Users\ercan\Downloads\pk-sim-main\SimpraBootcamp\SimApi\SimApi.Data\Repository\Dapper\DapperRepository.cs:line 48
   at SimApi.Operation.Dapper.DapperCategoryService.Update(Int32 Id, CategoryRequest request) in C:\Users\ercan\Downloads\pk-sim-main\SimpraBootcamp\SimApi\SimApi.Operation\Dapper\Category\DapperCategoryService.cs:line 99
ClientConnectionId:0f26b5d5-d3ed-471d-8981-25e7144b4b38
Error Number:156,State:1,Class:15
2023-06-06 01:14:04.994 [INF] -------------Request-Begin------------
2023-06-06 01:14:04.996 [INF] Http Request Information: 
Schema:https 
Host: localhost:7235 
Path: /api/DapperCategory/3 
QueryString:  
Request Body: {"name":"string","order":30}
2023-06-06 01:14:05.001 [INF] 

2023-06-06 01:14:05.003 [INF] Http Response Information: 
Schema:https 
Host: localhost:7235 
Path: /api/DapperCategory/3 
QueryString:  
StatusCode: 200 
Response Body: {"success":false,"message":"Incorrect syntax near the keyword 'Order'."}
2023-06-06 01:14:05.004 [INF] -------------Request-End------------
2023-06-06 01:16:32.187 [INF] Application is starting...
2023-06-06 01:16:59.598 [INF] LogHeartBeatMiddleware.Invoke
2023-06-06 01:16:59.602 [INF] LogErrorHandlerMiddleware.Invoke
2023-06-06 01:16:59.604 [INF] LogRequestLoggingMiddleware.Invoke
2023-06-06 01:18:11.251 [INF] Application is starting...
2023-06-06 01:18:29.196 [INF] LogHeartBeatMiddleware.Invoke
2023-06-06 01:18:29.203 [INF] LogErrorHandlerMiddleware.Invoke
2023-06-06 01:18:29.207 [INF] LogRequestLoggingMiddleware.Invoke
2023-06-06 01:21:19.332 [INF] Application is starting...
2023-06-06 01:21:36.017 [INF] LogHeartBeatMiddleware.Invoke
2023-06-06 01:21:36.022 [INF] LogErrorHandlerMiddleware.Invoke
2023-06-06 01:21:36.024 [INF] LogRequestLoggingMiddleware.Invoke
2023-06-06 18:11:42.933 [INF] Application is starting...
2023-06-06 18:12:21.486 [INF] LogHeartBeatMiddleware.Invoke
2023-06-06 18:12:21.498 [INF] LogErrorHandlerMiddleware.Invoke
2023-06-06 18:12:21.506 [INF] LogRequestLoggingMiddleware.Invoke
2023-06-06 18:12:22.335 [FTL] Path=/api/DapperCategory || Method=GET || Exception=Unable to resolve service for type 'SimApi.Operation.Dapper.IDapperCategoryService' while attempting to activate 'SimApi.Service.Category.DapperCategoryController'.
2023-06-06 18:12:22.433 [ERR] An unhandled exception has occurred while executing the request.
System.ObjectDisposedException: Cannot access a disposed object.
Object name: 'The stream with Id b37caa07-a287-498e-9b92-969bd110915a and Tag  is disposed.'.
   at Microsoft.IO.RecyclableMemoryStream.ThrowDisposedException() in /_/src/RecyclableMemoryStream.cs:line 1453
   at Microsoft.IO.RecyclableMemoryStream.Write(Byte[] buffer, Int32 offset, Int32 count) in /_/src/RecyclableMemoryStream.cs:line 997
   at System.IO.MemoryStream.WriteAsync(ReadOnlyMemory`1 buffer, CancellationToken cancellationToken)
--- End of stack trace from previous location ---
   at System.IO.Pipelines.StreamPipeWriter.FlushAsyncInternal(Boolean writeToStream, ReadOnlyMemory`1 data, CancellationToken cancellationToken)
   at SimApi.Service.Middleware.ErrorHandlerMiddleware.Invoke(HttpContext context) in C:\Users\ercan\Downloads\pk-sim-main\SimpraBootcamp\SimApi\SimApi\Middleware\ErrorHandlerMiddleware.cs:line 33
   at SimApi.Service.Middleware.HeartBeatMiddleware.Invoke(HttpContext context) in C:\Users\ercan\Downloads\pk-sim-main\SimpraBootcamp\SimApi\SimApi\Middleware\HeartBeatMiddleware.cs:line 25
   at Swashbuckle.AspNetCore.SwaggerUI.SwaggerUIMiddleware.Invoke(HttpContext httpContext)
   at Swashbuckle.AspNetCore.Swagger.SwaggerMiddleware.Invoke(HttpContext httpContext, ISwaggerProvider swaggerProvider)
   at Microsoft.AspNetCore.Diagnostics.DeveloperExceptionPageMiddleware.Invoke(HttpContext context)
2023-06-06 18:12:22.681 [ERR] An exception was thrown attempting to display the error page.
System.ObjectDisposedException: Cannot access a disposed object.
Object name: 'The stream with Id b37caa07-a287-498e-9b92-969bd110915a and Tag  is disposed.'.
   at Microsoft.IO.RecyclableMemoryStream.ThrowDisposedException() in /_/src/RecyclableMemoryStream.cs:line 1453
   at Microsoft.IO.RecyclableMemoryStream.Write(Byte[] buffer, Int32 offset, Int32 count) in /_/src/RecyclableMemoryStream.cs:line 997
   at System.IO.MemoryStream.WriteAsync(ReadOnlyMemory`1 buffer, CancellationToken cancellationToken)
--- End of stack trace from previous location ---
   at System.IO.Pipelines.StreamPipeWriter.FlushAsyncInternal(Boolean writeToStream, ReadOnlyMemory`1 data, CancellationToken cancellationToken)
   at Microsoft.AspNetCore.Diagnostics.DeveloperExceptionPageMiddleware.Invoke(HttpContext context)
2023-06-06 18:12:22.704 [ERR] Connection id "0HMR6K1C0V87C", Request id "0HMR6K1C0V87C:00000009": An unhandled exception was thrown by the application.
System.ObjectDisposedException: Cannot access a disposed object.
Object name: 'The stream with Id b37caa07-a287-498e-9b92-969bd110915a and Tag  is disposed.'.
   at Microsoft.IO.RecyclableMemoryStream.ThrowDisposedException() in /_/src/RecyclableMemoryStream.cs:line 1453
   at Microsoft.IO.RecyclableMemoryStream.Write(Byte[] buffer, Int32 offset, Int32 count) in /_/src/RecyclableMemoryStream.cs:line 997
   at System.IO.MemoryStream.WriteAsync(ReadOnlyMemory`1 buffer, CancellationToken cancellationToken)
--- End of stack trace from previous location ---
   at System.IO.Pipelines.StreamPipeWriter.FlushAsyncInternal(Boolean writeToStream, ReadOnlyMemory`1 data, CancellationToken cancellationToken)
   at SimApi.Service.Middleware.ErrorHandlerMiddleware.Invoke(HttpContext context) in C:\Users\ercan\Downloads\pk-sim-main\SimpraBootcamp\SimApi\SimApi\Middleware\ErrorHandlerMiddleware.cs:line 33
   at SimApi.Service.Middleware.HeartBeatMiddleware.Invoke(HttpContext context) in C:\Users\ercan\Downloads\pk-sim-main\SimpraBootcamp\SimApi\SimApi\Middleware\HeartBeatMiddleware.cs:line 25
   at Swashbuckle.AspNetCore.SwaggerUI.SwaggerUIMiddleware.Invoke(HttpContext httpContext)
   at Swashbuckle.AspNetCore.Swagger.SwaggerMiddleware.Invoke(HttpContext httpContext, ISwaggerProvider swaggerProvider)
   at Microsoft.AspNetCore.Diagnostics.DeveloperExceptionPageMiddleware.Invoke(HttpContext context)
   at Microsoft.AspNetCore.Diagnostics.DeveloperExceptionPageMiddleware.Invoke(HttpContext context)
   at Microsoft.AspNetCore.Watch.BrowserRefresh.BrowserRefreshMiddleware.InvokeAsync(HttpContext context)
   at Microsoft.AspNetCore.Server.Kestrel.Core.Internal.Http.HttpProtocol.ProcessRequests[TContext](IHttpApplication`1 application)
2023-06-06 18:12:49.358 [INF] LogHeartBeatMiddleware.Invoke
2023-06-06 18:12:49.376 [INF] LogErrorHandlerMiddleware.Invoke
2023-06-06 18:12:49.379 [INF] LogRequestLoggingMiddleware.Invoke
2023-06-06 18:12:49.506 [FTL] Path=/api/DapperCategory || Method=POST || Exception=Unable to resolve service for type 'SimApi.Operation.Dapper.IDapperCategoryService' while attempting to activate 'SimApi.Service.Category.DapperCategoryController'.
2023-06-06 18:12:49.594 [ERR] An unhandled exception has occurred while executing the request.
System.ObjectDisposedException: Cannot access a disposed object.
Object name: 'The stream with Id 069f3b60-768c-4701-b625-c90b658d83fb and Tag  is disposed.'.
   at Microsoft.IO.RecyclableMemoryStream.ThrowDisposedException() in /_/src/RecyclableMemoryStream.cs:line 1453
   at Microsoft.IO.RecyclableMemoryStream.Write(Byte[] buffer, Int32 offset, Int32 count) in /_/src/RecyclableMemoryStream.cs:line 997
   at System.IO.MemoryStream.WriteAsync(ReadOnlyMemory`1 buffer, CancellationToken cancellationToken)
--- End of stack trace from previous location ---
   at System.IO.Pipelines.StreamPipeWriter.FlushAsyncInternal(Boolean writeToStream, ReadOnlyMemory`1 data, CancellationToken cancellationToken)
   at SimApi.Service.Middleware.ErrorHandlerMiddleware.Invoke(HttpContext context) in C:\Users\ercan\Downloads\pk-sim-main\SimpraBootcamp\SimApi\SimApi\Middleware\ErrorHandlerMiddleware.cs:line 33
   at SimApi.Service.Middleware.HeartBeatMiddleware.Invoke(HttpContext context) in C:\Users\ercan\Downloads\pk-sim-main\SimpraBootcamp\SimApi\SimApi\Middleware\HeartBeatMiddleware.cs:line 25
   at Swashbuckle.AspNetCore.SwaggerUI.SwaggerUIMiddleware.Invoke(HttpContext httpContext)
   at Swashbuckle.AspNetCore.Swagger.SwaggerMiddleware.Invoke(HttpContext httpContext, ISwaggerProvider swaggerProvider)
   at Microsoft.AspNetCore.Diagnostics.DeveloperExceptionPageMiddleware.Invoke(HttpContext context)
2023-06-06 18:12:49.622 [ERR] An exception was thrown attempting to display the error page.
System.ObjectDisposedException: Cannot access a disposed object.
Object name: 'The stream with Id 069f3b60-768c-4701-b625-c90b658d83fb and Tag  is disposed.'.
   at Microsoft.IO.RecyclableMemoryStream.ThrowDisposedException() in /_/src/RecyclableMemoryStream.cs:line 1453
   at Microsoft.IO.RecyclableMemoryStream.Write(Byte[] buffer, Int32 offset, Int32 count) in /_/src/RecyclableMemoryStream.cs:line 997
   at System.IO.MemoryStream.WriteAsync(ReadOnlyMemory`1 buffer, CancellationToken cancellationToken)
--- End of stack trace from previous location ---
   at System.IO.Pipelines.StreamPipeWriter.FlushAsyncInternal(Boolean writeToStream, ReadOnlyMemory`1 data, CancellationToken cancellationToken)
   at Microsoft.AspNetCore.Diagnostics.DeveloperExceptionPageMiddleware.Invoke(HttpContext context)
2023-06-06 18:12:49.645 [ERR] Connection id "0HMR6K1C0V87C", Request id "0HMR6K1C0V87C:0000000B": An unhandled exception was thrown by the application.
System.ObjectDisposedException: Cannot access a disposed object.
Object name: 'The stream with Id 069f3b60-768c-4701-b625-c90b658d83fb and Tag  is disposed.'.
   at Microsoft.IO.RecyclableMemoryStream.ThrowDisposedException() in /_/src/RecyclableMemoryStream.cs:line 1453
   at Microsoft.IO.RecyclableMemoryStream.Write(Byte[] buffer, Int32 offset, Int32 count) in /_/src/RecyclableMemoryStream.cs:line 997
   at System.IO.MemoryStream.WriteAsync(ReadOnlyMemory`1 buffer, CancellationToken cancellationToken)
--- End of stack trace from previous location ---
   at System.IO.Pipelines.StreamPipeWriter.FlushAsyncInternal(Boolean writeToStream, ReadOnlyMemory`1 data, CancellationToken cancellationToken)
   at SimApi.Service.Middleware.ErrorHandlerMiddleware.Invoke(HttpContext context) in C:\Users\ercan\Downloads\pk-sim-main\SimpraBootcamp\SimApi\SimApi\Middleware\ErrorHandlerMiddleware.cs:line 33
   at SimApi.Service.Middleware.HeartBeatMiddleware.Invoke(HttpContext context) in C:\Users\ercan\Downloads\pk-sim-main\SimpraBootcamp\SimApi\SimApi\Middleware\HeartBeatMiddleware.cs:line 25
   at Swashbuckle.AspNetCore.SwaggerUI.SwaggerUIMiddleware.Invoke(HttpContext httpContext)
   at Swashbuckle.AspNetCore.Swagger.SwaggerMiddleware.Invoke(HttpContext httpContext, ISwaggerProvider swaggerProvider)
   at Microsoft.AspNetCore.Diagnostics.DeveloperExceptionPageMiddleware.Invoke(HttpContext context)
   at Microsoft.AspNetCore.Diagnostics.DeveloperExceptionPageMiddleware.Invoke(HttpContext context)
   at Microsoft.AspNetCore.Watch.BrowserRefresh.BrowserRefreshMiddleware.InvokeAsync(HttpContext context)
   at Microsoft.AspNetCore.Server.Kestrel.Core.Internal.Http.HttpProtocol.ProcessRequests[TContext](IHttpApplication`1 application)
2023-06-06 18:13:05.979 [INF] LogHeartBeatMiddleware.Invoke
2023-06-06 18:13:05.983 [INF] LogErrorHandlerMiddleware.Invoke
2023-06-06 18:13:05.990 [INF] LogRequestLoggingMiddleware.Invoke
2023-06-06 18:13:06.093 [FTL] Path=/api/DapperCategory || Method=GET || Exception=Unable to resolve service for type 'SimApi.Operation.Dapper.IDapperCategoryService' while attempting to activate 'SimApi.Service.Category.DapperCategoryController'.
2023-06-06 18:13:06.171 [ERR] An unhandled exception has occurred while executing the request.
System.ObjectDisposedException: Cannot access a disposed object.
Object name: 'The stream with Id 4716ac1c-c9d7-4d82-95b8-0bd8d418ae06 and Tag  is disposed.'.
   at Microsoft.IO.RecyclableMemoryStream.ThrowDisposedException() in /_/src/RecyclableMemoryStream.cs:line 1453
   at Microsoft.IO.RecyclableMemoryStream.Write(Byte[] buffer, Int32 offset, Int32 count) in /_/src/RecyclableMemoryStream.cs:line 997
   at System.IO.MemoryStream.WriteAsync(ReadOnlyMemory`1 buffer, CancellationToken cancellationToken)
--- End of stack trace from previous location ---
   at System.IO.Pipelines.StreamPipeWriter.FlushAsyncInternal(Boolean writeToStream, ReadOnlyMemory`1 data, CancellationToken cancellationToken)
   at SimApi.Service.Middleware.ErrorHandlerMiddleware.Invoke(HttpContext context) in C:\Users\ercan\Downloads\pk-sim-main\SimpraBootcamp\SimApi\SimApi\Middleware\ErrorHandlerMiddleware.cs:line 33
   at SimApi.Service.Middleware.HeartBeatMiddleware.Invoke(HttpContext context) in C:\Users\ercan\Downloads\pk-sim-main\SimpraBootcamp\SimApi\SimApi\Middleware\HeartBeatMiddleware.cs:line 25
   at Swashbuckle.AspNetCore.SwaggerUI.SwaggerUIMiddleware.Invoke(HttpContext httpContext)
   at Swashbuckle.AspNetCore.Swagger.SwaggerMiddleware.Invoke(HttpContext httpContext, ISwaggerProvider swaggerProvider)
   at Microsoft.AspNetCore.Diagnostics.DeveloperExceptionPageMiddleware.Invoke(HttpContext context)
2023-06-06 18:13:06.188 [ERR] An exception was thrown attempting to display the error page.
System.ObjectDisposedException: Cannot access a disposed object.
Object name: 'The stream with Id 4716ac1c-c9d7-4d82-95b8-0bd8d418ae06 and Tag  is disposed.'.
   at Microsoft.IO.RecyclableMemoryStream.ThrowDisposedException() in /_/src/RecyclableMemoryStream.cs:line 1453
   at Microsoft.IO.RecyclableMemoryStream.Write(Byte[] buffer, Int32 offset, Int32 count) in /_/src/RecyclableMemoryStream.cs:line 997
   at System.IO.MemoryStream.WriteAsync(ReadOnlyMemory`1 buffer, CancellationToken cancellationToken)
--- End of stack trace from previous location ---
   at System.IO.Pipelines.StreamPipeWriter.FlushAsyncInternal(Boolean writeToStream, ReadOnlyMemory`1 data, CancellationToken cancellationToken)
   at Microsoft.AspNetCore.Diagnostics.DeveloperExceptionPageMiddleware.Invoke(HttpContext context)
2023-06-06 18:13:06.200 [ERR] Connection id "0HMR6K1C0V87C", Request id "0HMR6K1C0V87C:0000000D": An unhandled exception was thrown by the application.
System.ObjectDisposedException: Cannot access a disposed object.
Object name: 'The stream with Id 4716ac1c-c9d7-4d82-95b8-0bd8d418ae06 and Tag  is disposed.'.
   at Microsoft.IO.RecyclableMemoryStream.ThrowDisposedException() in /_/src/RecyclableMemoryStream.cs:line 1453
   at Microsoft.IO.RecyclableMemoryStream.Write(Byte[] buffer, Int32 offset, Int32 count) in /_/src/RecyclableMemoryStream.cs:line 997
   at System.IO.MemoryStream.WriteAsync(ReadOnlyMemory`1 buffer, CancellationToken cancellationToken)
--- End of stack trace from previous location ---
   at System.IO.Pipelines.StreamPipeWriter.FlushAsyncInternal(Boolean writeToStream, ReadOnlyMemory`1 data, CancellationToken cancellationToken)
   at SimApi.Service.Middleware.ErrorHandlerMiddleware.Invoke(HttpContext context) in C:\Users\ercan\Downloads\pk-sim-main\SimpraBootcamp\SimApi\SimApi\Middleware\ErrorHandlerMiddleware.cs:line 33
   at SimApi.Service.Middleware.HeartBeatMiddleware.Invoke(HttpContext context) in C:\Users\ercan\Downloads\pk-sim-main\SimpraBootcamp\SimApi\SimApi\Middleware\HeartBeatMiddleware.cs:line 25
   at Swashbuckle.AspNetCore.SwaggerUI.SwaggerUIMiddleware.Invoke(HttpContext httpContext)
   at Swashbuckle.AspNetCore.Swagger.SwaggerMiddleware.Invoke(HttpContext httpContext, ISwaggerProvider swaggerProvider)
   at Microsoft.AspNetCore.Diagnostics.DeveloperExceptionPageMiddleware.Invoke(HttpContext context)
   at Microsoft.AspNetCore.Diagnostics.DeveloperExceptionPageMiddleware.Invoke(HttpContext context)
   at Microsoft.AspNetCore.Watch.BrowserRefresh.BrowserRefreshMiddleware.InvokeAsync(HttpContext context)
   at Microsoft.AspNetCore.Server.Kestrel.Core.Internal.Http.HttpProtocol.ProcessRequests[TContext](IHttpApplication`1 application)
2023-06-06 18:13:08.253 [INF] LogHeartBeatMiddleware.Invoke
2023-06-06 18:13:08.257 [INF] LogErrorHandlerMiddleware.Invoke
2023-06-06 18:13:08.260 [INF] LogRequestLoggingMiddleware.Invoke
2023-06-06 18:13:08.356 [FTL] Path=/api/DapperCategory || Method=GET || Exception=Unable to resolve service for type 'SimApi.Operation.Dapper.IDapperCategoryService' while attempting to activate 'SimApi.Service.Category.DapperCategoryController'.
2023-06-06 18:13:08.460 [ERR] An unhandled exception has occurred while executing the request.
System.ObjectDisposedException: Cannot access a disposed object.
Object name: 'The stream with Id ac0012c4-6730-4ef3-b912-88512d509406 and Tag  is disposed.'.
   at Microsoft.IO.RecyclableMemoryStream.ThrowDisposedException() in /_/src/RecyclableMemoryStream.cs:line 1453
   at Microsoft.IO.RecyclableMemoryStream.Write(Byte[] buffer, Int32 offset, Int32 count) in /_/src/RecyclableMemoryStream.cs:line 997
   at System.IO.MemoryStream.WriteAsync(ReadOnlyMemory`1 buffer, CancellationToken cancellationToken)
--- End of stack trace from previous location ---
   at System.IO.Pipelines.StreamPipeWriter.FlushAsyncInternal(Boolean writeToStream, ReadOnlyMemory`1 data, CancellationToken cancellationToken)
   at SimApi.Service.Middleware.ErrorHandlerMiddleware.Invoke(HttpContext context) in C:\Users\ercan\Downloads\pk-sim-main\SimpraBootcamp\SimApi\SimApi\Middleware\ErrorHandlerMiddleware.cs:line 33
   at SimApi.Service.Middleware.HeartBeatMiddleware.Invoke(HttpContext context) in C:\Users\ercan\Downloads\pk-sim-main\SimpraBootcamp\SimApi\SimApi\Middleware\HeartBeatMiddleware.cs:line 25
   at Swashbuckle.AspNetCore.SwaggerUI.SwaggerUIMiddleware.Invoke(HttpContext httpContext)
   at Swashbuckle.AspNetCore.Swagger.SwaggerMiddleware.Invoke(HttpContext httpContext, ISwaggerProvider swaggerProvider)
   at Microsoft.AspNetCore.Diagnostics.DeveloperExceptionPageMiddleware.Invoke(HttpContext context)
2023-06-06 18:13:08.482 [ERR] An exception was thrown attempting to display the error page.
System.ObjectDisposedException: Cannot access a disposed object.
Object name: 'The stream with Id ac0012c4-6730-4ef3-b912-88512d509406 and Tag  is disposed.'.
   at Microsoft.IO.RecyclableMemoryStream.ThrowDisposedException() in /_/src/RecyclableMemoryStream.cs:line 1453
   at Microsoft.IO.RecyclableMemoryStream.Write(Byte[] buffer, Int32 offset, Int32 count) in /_/src/RecyclableMemoryStream.cs:line 997
   at System.IO.MemoryStream.WriteAsync(ReadOnlyMemory`1 buffer, CancellationToken cancellationToken)
--- End of stack trace from previous location ---
   at System.IO.Pipelines.StreamPipeWriter.FlushAsyncInternal(Boolean writeToStream, ReadOnlyMemory`1 data, CancellationToken cancellationToken)
   at Microsoft.AspNetCore.Diagnostics.DeveloperExceptionPageMiddleware.Invoke(HttpContext context)
2023-06-06 18:13:08.495 [ERR] Connection id "0HMR6K1C0V87C", Request id "0HMR6K1C0V87C:0000000F": An unhandled exception was thrown by the application.
System.ObjectDisposedException: Cannot access a disposed object.
Object name: 'The stream with Id ac0012c4-6730-4ef3-b912-88512d509406 and Tag  is disposed.'.
   at Microsoft.IO.RecyclableMemoryStream.ThrowDisposedException() in /_/src/RecyclableMemoryStream.cs:line 1453
   at Microsoft.IO.RecyclableMemoryStream.Write(Byte[] buffer, Int32 offset, Int32 count) in /_/src/RecyclableMemoryStream.cs:line 997
   at System.IO.MemoryStream.WriteAsync(ReadOnlyMemory`1 buffer, CancellationToken cancellationToken)
--- End of stack trace from previous location ---
   at System.IO.Pipelines.StreamPipeWriter.FlushAsyncInternal(Boolean writeToStream, ReadOnlyMemory`1 data, CancellationToken cancellationToken)
   at SimApi.Service.Middleware.ErrorHandlerMiddleware.Invoke(HttpContext context) in C:\Users\ercan\Downloads\pk-sim-main\SimpraBootcamp\SimApi\SimApi\Middleware\ErrorHandlerMiddleware.cs:line 33
   at SimApi.Service.Middleware.HeartBeatMiddleware.Invoke(HttpContext context) in C:\Users\ercan\Downloads\pk-sim-main\SimpraBootcamp\SimApi\SimApi\Middleware\HeartBeatMiddleware.cs:line 25
   at Swashbuckle.AspNetCore.SwaggerUI.SwaggerUIMiddleware.Invoke(HttpContext httpContext)
   at Swashbuckle.AspNetCore.Swagger.SwaggerMiddleware.Invoke(HttpContext httpContext, ISwaggerProvider swaggerProvider)
   at Microsoft.AspNetCore.Diagnostics.DeveloperExceptionPageMiddleware.Invoke(HttpContext context)
   at Microsoft.AspNetCore.Diagnostics.DeveloperExceptionPageMiddleware.Invoke(HttpContext context)
   at Microsoft.AspNetCore.Watch.BrowserRefresh.BrowserRefreshMiddleware.InvokeAsync(HttpContext context)
   at Microsoft.AspNetCore.Server.Kestrel.Core.Internal.Http.HttpProtocol.ProcessRequests[TContext](IHttpApplication`1 application)
2023-06-06 18:13:17.529 [INF] LogHeartBeatMiddleware.Invoke
2023-06-06 18:13:17.534 [INF] LogErrorHandlerMiddleware.Invoke
2023-06-06 18:13:17.540 [INF] LogRequestLoggingMiddleware.Invoke
2023-06-06 18:13:17.633 [FTL] Path=/simapi/v1/Customer || Method=GET || Exception=Unable to resolve service for type 'SimApi.Operation.ICustomerService' while attempting to activate 'SimApi.Service.CustomerController'.
2023-06-06 18:13:17.727 [ERR] An unhandled exception has occurred while executing the request.
System.ObjectDisposedException: Cannot access a disposed object.
Object name: 'The stream with Id d616c826-fa7b-4067-969a-fae01f3bd334 and Tag  is disposed.'.
   at Microsoft.IO.RecyclableMemoryStream.ThrowDisposedException() in /_/src/RecyclableMemoryStream.cs:line 1453
   at Microsoft.IO.RecyclableMemoryStream.Write(Byte[] buffer, Int32 offset, Int32 count) in /_/src/RecyclableMemoryStream.cs:line 997
   at System.IO.MemoryStream.WriteAsync(ReadOnlyMemory`1 buffer, CancellationToken cancellationToken)
--- End of stack trace from previous location ---
   at System.IO.Pipelines.StreamPipeWriter.FlushAsyncInternal(Boolean writeToStream, ReadOnlyMemory`1 data, CancellationToken cancellationToken)
   at SimApi.Service.Middleware.ErrorHandlerMiddleware.Invoke(HttpContext context) in C:\Users\ercan\Downloads\pk-sim-main\SimpraBootcamp\SimApi\SimApi\Middleware\ErrorHandlerMiddleware.cs:line 33
   at SimApi.Service.Middleware.HeartBeatMiddleware.Invoke(HttpContext context) in C:\Users\ercan\Downloads\pk-sim-main\SimpraBootcamp\SimApi\SimApi\Middleware\HeartBeatMiddleware.cs:line 25
   at Swashbuckle.AspNetCore.SwaggerUI.SwaggerUIMiddleware.Invoke(HttpContext httpContext)
   at Swashbuckle.AspNetCore.Swagger.SwaggerMiddleware.Invoke(HttpContext httpContext, ISwaggerProvider swaggerProvider)
   at Microsoft.AspNetCore.Diagnostics.DeveloperExceptionPageMiddleware.Invoke(HttpContext context)
2023-06-06 18:13:17.750 [ERR] An exception was thrown attempting to display the error page.
System.ObjectDisposedException: Cannot access a disposed object.
Object name: 'The stream with Id d616c826-fa7b-4067-969a-fae01f3bd334 and Tag  is disposed.'.
   at Microsoft.IO.RecyclableMemoryStream.ThrowDisposedException() in /_/src/RecyclableMemoryStream.cs:line 1453
   at Microsoft.IO.RecyclableMemoryStream.Write(Byte[] buffer, Int32 offset, Int32 count) in /_/src/RecyclableMemoryStream.cs:line 997
   at System.IO.MemoryStream.WriteAsync(ReadOnlyMemory`1 buffer, CancellationToken cancellationToken)
--- End of stack trace from previous location ---
   at System.IO.Pipelines.StreamPipeWriter.FlushAsyncInternal(Boolean writeToStream, ReadOnlyMemory`1 data, CancellationToken cancellationToken)
   at Microsoft.AspNetCore.Diagnostics.DeveloperExceptionPageMiddleware.Invoke(HttpContext context)
2023-06-06 18:13:17.763 [ERR] Connection id "0HMR6K1C0V87C", Request id "0HMR6K1C0V87C:00000011": An unhandled exception was thrown by the application.
System.ObjectDisposedException: Cannot access a disposed object.
Object name: 'The stream with Id d616c826-fa7b-4067-969a-fae01f3bd334 and Tag  is disposed.'.
   at Microsoft.IO.RecyclableMemoryStream.ThrowDisposedException() in /_/src/RecyclableMemoryStream.cs:line 1453
   at Microsoft.IO.RecyclableMemoryStream.Write(Byte[] buffer, Int32 offset, Int32 count) in /_/src/RecyclableMemoryStream.cs:line 997
   at System.IO.MemoryStream.WriteAsync(ReadOnlyMemory`1 buffer, CancellationToken cancellationToken)
--- End of stack trace from previous location ---
   at System.IO.Pipelines.StreamPipeWriter.FlushAsyncInternal(Boolean writeToStream, ReadOnlyMemory`1 data, CancellationToken cancellationToken)
   at SimApi.Service.Middleware.ErrorHandlerMiddleware.Invoke(HttpContext context) in C:\Users\ercan\Downloads\pk-sim-main\SimpraBootcamp\SimApi\SimApi\Middleware\ErrorHandlerMiddleware.cs:line 33
   at SimApi.Service.Middleware.HeartBeatMiddleware.Invoke(HttpContext context) in C:\Users\ercan\Downloads\pk-sim-main\SimpraBootcamp\SimApi\SimApi\Middleware\HeartBeatMiddleware.cs:line 25
   at Swashbuckle.AspNetCore.SwaggerUI.SwaggerUIMiddleware.Invoke(HttpContext httpContext)
   at Swashbuckle.AspNetCore.Swagger.SwaggerMiddleware.Invoke(HttpContext httpContext, ISwaggerProvider swaggerProvider)
   at Microsoft.AspNetCore.Diagnostics.DeveloperExceptionPageMiddleware.Invoke(HttpContext context)
   at Microsoft.AspNetCore.Diagnostics.DeveloperExceptionPageMiddleware.Invoke(HttpContext context)
   at Microsoft.AspNetCore.Watch.BrowserRefresh.BrowserRefreshMiddleware.InvokeAsync(HttpContext context)
   at Microsoft.AspNetCore.Server.Kestrel.Core.Internal.Http.HttpProtocol.ProcessRequests[TContext](IHttpApplication`1 application)
2023-06-06 18:13:53.772 [INF] Application is starting...
2023-06-06 18:14:03.652 [INF] LogHeartBeatMiddleware.Invoke
2023-06-06 18:14:03.665 [INF] LogErrorHandlerMiddleware.Invoke
2023-06-06 18:14:03.670 [INF] LogRequestLoggingMiddleware.Invoke
2023-06-06 18:14:06.474 [WRN] The 'bool' property 'IsValid' on entity type 'Account' is configured with a database-generated default. This default will always be used for inserts when the property has the value 'false', since this is the CLR default for the 'bool' type. Consider using the nullable 'bool?' type instead, so that the default will only be used for inserts when the property value is 'null'.
2023-06-06 18:14:06.492 [WRN] The 'bool' property 'IsValid' on entity type 'Customer' is configured with a database-generated default. This default will always be used for inserts when the property has the value 'false', since this is the CLR default for the 'bool' type. Consider using the nullable 'bool?' type instead, so that the default will only be used for inserts when the property value is 'null'.
2023-06-06 18:14:08.672 [WRN] Compiling a query which loads related collections for more than one collection navigation, either via 'Include' or through projection, but no 'QuerySplittingBehavior' has been configured. By default, Entity Framework will use 'QuerySplittingBehavior.SingleQuery', which can potentially result in slow query performance. See https://go.microsoft.com/fwlink/?linkid=2134277 for more information. To identify the query that's triggering this warning call 'ConfigureWarnings(w => w.Throw(RelationalEventId.MultipleCollectionIncludeWarning))'.
2023-06-06 18:14:10.306 [INF] -------------Request-Begin------------
2023-06-06 18:14:10.310 [INF] Http Request Information: 
Schema:https 
Host: localhost:7235 
Path: /simapi/v1/Customer 
QueryString:  
Request Body: 
2023-06-06 18:14:10.312 [INF] 

2023-06-06 18:14:10.318 [INF] Http Response Information: 
Schema:https 
Host: localhost:7235 
Path: /simapi/v1/Customer 
QueryString:  
StatusCode: 200 
Response Body: {"success":true,"message":"Success","response":[{"customerNumber":10010,"firstName":"10010","lastName":"10010","dateOfBirth":"2023-06-05T00:00:00","isValid":true,"accounts":[],"id":1}]}
2023-06-06 18:14:10.329 [INF] -------------Request-End------------
2023-06-06 18:14:21.675 [INF] LogHeartBeatMiddleware.Invoke
2023-06-06 18:14:21.683 [INF] LogErrorHandlerMiddleware.Invoke
2023-06-06 18:14:21.689 [INF] LogRequestLoggingMiddleware.Invoke
2023-06-06 18:14:26.248 [INF] -------------Request-Begin------------
2023-06-06 18:14:26.257 [INF] Http Request Information: 
Schema:https 
Host: localhost:7235 
Path: /api/DapperCategory 
QueryString:  
Request Body: 
2023-06-06 18:14:26.264 [INF] 

2023-06-06 18:14:26.268 [INF] Http Response Information: 
Schema:https 
Host: localhost:7235 
Path: /api/DapperCategory 
QueryString:  
StatusCode: 200 
Response Body: {"success":true,"message":"Success","response":[{"name":"küçük ev aletleri","order":20,"id":3}]}
2023-06-06 18:14:26.273 [INF] -------------Request-End------------
2023-06-06 18:19:20.861 [INF] Application is starting...
2023-06-06 18:20:24.570 [INF] LogHeartBeatMiddleware.Invoke
2023-06-06 18:20:24.584 [INF] LogErrorHandlerMiddleware.Invoke
2023-06-06 18:20:24.592 [INF] LogRequestLoggingMiddleware.Invoke
2023-06-06 18:20:25.030 [FTL] Path=/api/DapperCategory || Method=GET || Exception=Unable to resolve service for type 'SimApi.Operation.Dapper.IDapperCategoryService' while attempting to activate 'SimApi.Service.Category.DapperCategoryController'.
2023-06-06 18:20:25.121 [ERR] An unhandled exception has occurred while executing the request.
System.ObjectDisposedException: Cannot access a disposed object.
Object name: 'The stream with Id d04237f0-547d-4684-a67e-05de306c6309 and Tag  is disposed.'.
   at Microsoft.IO.RecyclableMemoryStream.ThrowDisposedException() in /_/src/RecyclableMemoryStream.cs:line 1453
   at Microsoft.IO.RecyclableMemoryStream.Write(Byte[] buffer, Int32 offset, Int32 count) in /_/src/RecyclableMemoryStream.cs:line 997
   at System.IO.MemoryStream.WriteAsync(ReadOnlyMemory`1 buffer, CancellationToken cancellationToken)
--- End of stack trace from previous location ---
   at System.IO.Pipelines.StreamPipeWriter.FlushAsyncInternal(Boolean writeToStream, ReadOnlyMemory`1 data, CancellationToken cancellationToken)
   at SimApi.Service.Middleware.ErrorHandlerMiddleware.Invoke(HttpContext context) in C:\Users\ercan\Downloads\pk-sim-main\SimpraBootcamp\SimApi\SimApi\Middleware\ErrorHandlerMiddleware.cs:line 33
   at SimApi.Service.Middleware.HeartBeatMiddleware.Invoke(HttpContext context) in C:\Users\ercan\Downloads\pk-sim-main\SimpraBootcamp\SimApi\SimApi\Middleware\HeartBeatMiddleware.cs:line 25
   at Swashbuckle.AspNetCore.SwaggerUI.SwaggerUIMiddleware.Invoke(HttpContext httpContext)
   at Swashbuckle.AspNetCore.Swagger.SwaggerMiddleware.Invoke(HttpContext httpContext, ISwaggerProvider swaggerProvider)
   at Microsoft.AspNetCore.Diagnostics.DeveloperExceptionPageMiddleware.Invoke(HttpContext context)
2023-06-06 18:20:25.266 [ERR] An exception was thrown attempting to display the error page.
System.ObjectDisposedException: Cannot access a disposed object.
Object name: 'The stream with Id d04237f0-547d-4684-a67e-05de306c6309 and Tag  is disposed.'.
   at Microsoft.IO.RecyclableMemoryStream.ThrowDisposedException() in /_/src/RecyclableMemoryStream.cs:line 1453
   at Microsoft.IO.RecyclableMemoryStream.Write(Byte[] buffer, Int32 offset, Int32 count) in /_/src/RecyclableMemoryStream.cs:line 997
   at System.IO.MemoryStream.WriteAsync(ReadOnlyMemory`1 buffer, CancellationToken cancellationToken)
--- End of stack trace from previous location ---
   at System.IO.Pipelines.StreamPipeWriter.FlushAsyncInternal(Boolean writeToStream, ReadOnlyMemory`1 data, CancellationToken cancellationToken)
   at Microsoft.AspNetCore.Diagnostics.DeveloperExceptionPageMiddleware.Invoke(HttpContext context)
2023-06-06 18:20:25.291 [ERR] Connection id "0HMR6K644FO4M", Request id "0HMR6K644FO4M:00000009": An unhandled exception was thrown by the application.
System.ObjectDisposedException: Cannot access a disposed object.
Object name: 'The stream with Id d04237f0-547d-4684-a67e-05de306c6309 and Tag  is disposed.'.
   at Microsoft.IO.RecyclableMemoryStream.ThrowDisposedException() in /_/src/RecyclableMemoryStream.cs:line 1453
   at Microsoft.IO.RecyclableMemoryStream.Write(Byte[] buffer, Int32 offset, Int32 count) in /_/src/RecyclableMemoryStream.cs:line 997
   at System.IO.MemoryStream.WriteAsync(ReadOnlyMemory`1 buffer, CancellationToken cancellationToken)
--- End of stack trace from previous location ---
   at System.IO.Pipelines.StreamPipeWriter.FlushAsyncInternal(Boolean writeToStream, ReadOnlyMemory`1 data, CancellationToken cancellationToken)
   at SimApi.Service.Middleware.ErrorHandlerMiddleware.Invoke(HttpContext context) in C:\Users\ercan\Downloads\pk-sim-main\SimpraBootcamp\SimApi\SimApi\Middleware\ErrorHandlerMiddleware.cs:line 33
   at SimApi.Service.Middleware.HeartBeatMiddleware.Invoke(HttpContext context) in C:\Users\ercan\Downloads\pk-sim-main\SimpraBootcamp\SimApi\SimApi\Middleware\HeartBeatMiddleware.cs:line 25
   at Swashbuckle.AspNetCore.SwaggerUI.SwaggerUIMiddleware.Invoke(HttpContext httpContext)
   at Swashbuckle.AspNetCore.Swagger.SwaggerMiddleware.Invoke(HttpContext httpContext, ISwaggerProvider swaggerProvider)
   at Microsoft.AspNetCore.Diagnostics.DeveloperExceptionPageMiddleware.Invoke(HttpContext context)
   at Microsoft.AspNetCore.Diagnostics.DeveloperExceptionPageMiddleware.Invoke(HttpContext context)
   at Microsoft.AspNetCore.Watch.BrowserRefresh.BrowserRefreshMiddleware.InvokeAsync(HttpContext context)
   at Microsoft.AspNetCore.Server.Kestrel.Core.Internal.Http.HttpProtocol.ProcessRequests[TContext](IHttpApplication`1 application)
2023-06-06 18:20:38.049 [INF] LogHeartBeatMiddleware.Invoke
2023-06-06 18:20:38.053 [INF] LogErrorHandlerMiddleware.Invoke
2023-06-06 18:20:38.058 [INF] LogRequestLoggingMiddleware.Invoke
2023-06-06 18:20:38.155 [FTL] Path=/simapi/v1/Customer || Method=GET || Exception=Unable to resolve service for type 'SimApi.Operation.ICustomerService' while attempting to activate 'SimApi.Service.CustomerController'.
2023-06-06 18:20:38.240 [ERR] An unhandled exception has occurred while executing the request.
System.ObjectDisposedException: Cannot access a disposed object.
Object name: 'The stream with Id 47fc1199-86c4-4508-8d01-8abfae0665d7 and Tag  is disposed.'.
   at Microsoft.IO.RecyclableMemoryStream.ThrowDisposedException() in /_/src/RecyclableMemoryStream.cs:line 1453
   at Microsoft.IO.RecyclableMemoryStream.Write(Byte[] buffer, Int32 offset, Int32 count) in /_/src/RecyclableMemoryStream.cs:line 997
   at System.IO.MemoryStream.WriteAsync(ReadOnlyMemory`1 buffer, CancellationToken cancellationToken)
--- End of stack trace from previous location ---
   at System.IO.Pipelines.StreamPipeWriter.FlushAsyncInternal(Boolean writeToStream, ReadOnlyMemory`1 data, CancellationToken cancellationToken)
   at SimApi.Service.Middleware.ErrorHandlerMiddleware.Invoke(HttpContext context) in C:\Users\ercan\Downloads\pk-sim-main\SimpraBootcamp\SimApi\SimApi\Middleware\ErrorHandlerMiddleware.cs:line 33
   at SimApi.Service.Middleware.HeartBeatMiddleware.Invoke(HttpContext context) in C:\Users\ercan\Downloads\pk-sim-main\SimpraBootcamp\SimApi\SimApi\Middleware\HeartBeatMiddleware.cs:line 25
   at Swashbuckle.AspNetCore.SwaggerUI.SwaggerUIMiddleware.Invoke(HttpContext httpContext)
   at Swashbuckle.AspNetCore.Swagger.SwaggerMiddleware.Invoke(HttpContext httpContext, ISwaggerProvider swaggerProvider)
   at Microsoft.AspNetCore.Diagnostics.DeveloperExceptionPageMiddleware.Invoke(HttpContext context)
2023-06-06 18:20:38.261 [ERR] An exception was thrown attempting to display the error page.
System.ObjectDisposedException: Cannot access a disposed object.
Object name: 'The stream with Id 47fc1199-86c4-4508-8d01-8abfae0665d7 and Tag  is disposed.'.
   at Microsoft.IO.RecyclableMemoryStream.ThrowDisposedException() in /_/src/RecyclableMemoryStream.cs:line 1453
   at Microsoft.IO.RecyclableMemoryStream.Write(Byte[] buffer, Int32 offset, Int32 count) in /_/src/RecyclableMemoryStream.cs:line 997
   at System.IO.MemoryStream.WriteAsync(ReadOnlyMemory`1 buffer, CancellationToken cancellationToken)
--- End of stack trace from previous location ---
   at System.IO.Pipelines.StreamPipeWriter.FlushAsyncInternal(Boolean writeToStream, ReadOnlyMemory`1 data, CancellationToken cancellationToken)
   at Microsoft.AspNetCore.Diagnostics.DeveloperExceptionPageMiddleware.Invoke(HttpContext context)
2023-06-06 18:20:38.280 [ERR] Connection id "0HMR6K644FO4M", Request id "0HMR6K644FO4M:0000000B": An unhandled exception was thrown by the application.
System.ObjectDisposedException: Cannot access a disposed object.
Object name: 'The stream with Id 47fc1199-86c4-4508-8d01-8abfae0665d7 and Tag  is disposed.'.
   at Microsoft.IO.RecyclableMemoryStream.ThrowDisposedException() in /_/src/RecyclableMemoryStream.cs:line 1453
   at Microsoft.IO.RecyclableMemoryStream.Write(Byte[] buffer, Int32 offset, Int32 count) in /_/src/RecyclableMemoryStream.cs:line 997
   at System.IO.MemoryStream.WriteAsync(ReadOnlyMemory`1 buffer, CancellationToken cancellationToken)
--- End of stack trace from previous location ---
   at System.IO.Pipelines.StreamPipeWriter.FlushAsyncInternal(Boolean writeToStream, ReadOnlyMemory`1 data, CancellationToken cancellationToken)
   at SimApi.Service.Middleware.ErrorHandlerMiddleware.Invoke(HttpContext context) in C:\Users\ercan\Downloads\pk-sim-main\SimpraBootcamp\SimApi\SimApi\Middleware\ErrorHandlerMiddleware.cs:line 33
   at SimApi.Service.Middleware.HeartBeatMiddleware.Invoke(HttpContext context) in C:\Users\ercan\Downloads\pk-sim-main\SimpraBootcamp\SimApi\SimApi\Middleware\HeartBeatMiddleware.cs:line 25
   at Swashbuckle.AspNetCore.SwaggerUI.SwaggerUIMiddleware.Invoke(HttpContext httpContext)
   at Swashbuckle.AspNetCore.Swagger.SwaggerMiddleware.Invoke(HttpContext httpContext, ISwaggerProvider swaggerProvider)
   at Microsoft.AspNetCore.Diagnostics.DeveloperExceptionPageMiddleware.Invoke(HttpContext context)
   at Microsoft.AspNetCore.Diagnostics.DeveloperExceptionPageMiddleware.Invoke(HttpContext context)
   at Microsoft.AspNetCore.Watch.BrowserRefresh.BrowserRefreshMiddleware.InvokeAsync(HttpContext context)
   at Microsoft.AspNetCore.Server.Kestrel.Core.Internal.Http.HttpProtocol.ProcessRequests[TContext](IHttpApplication`1 application)
2023-06-06 18:21:05.533 [INF] Application is starting...
2023-06-06 18:22:12.557 [INF] LogHeartBeatMiddleware.Invoke
2023-06-06 18:22:12.565 [INF] LogErrorHandlerMiddleware.Invoke
2023-06-06 18:22:12.576 [INF] LogRequestLoggingMiddleware.Invoke
2023-06-06 18:22:13.033 [FTL] Path=/simapi/v1/Customer || Method=GET || Exception=Unable to resolve service for type 'SimApi.Operation.ICustomerService' while attempting to activate 'SimApi.Service.CustomerController'.
2023-06-06 18:22:13.116 [ERR] An unhandled exception has occurred while executing the request.
System.ObjectDisposedException: Cannot access a disposed object.
Object name: 'The stream with Id c7ee7fb3-feb2-4375-bb12-c019a3f9a16a and Tag  is disposed.'.
   at Microsoft.IO.RecyclableMemoryStream.ThrowDisposedException() in /_/src/RecyclableMemoryStream.cs:line 1453
   at Microsoft.IO.RecyclableMemoryStream.Write(Byte[] buffer, Int32 offset, Int32 count) in /_/src/RecyclableMemoryStream.cs:line 997
   at System.IO.MemoryStream.WriteAsync(ReadOnlyMemory`1 buffer, CancellationToken cancellationToken)
--- End of stack trace from previous location ---
   at System.IO.Pipelines.StreamPipeWriter.FlushAsyncInternal(Boolean writeToStream, ReadOnlyMemory`1 data, CancellationToken cancellationToken)
   at SimApi.Service.Middleware.ErrorHandlerMiddleware.Invoke(HttpContext context) in C:\Users\ercan\Downloads\pk-sim-main\SimpraBootcamp\SimApi\SimApi\Middleware\ErrorHandlerMiddleware.cs:line 33
   at SimApi.Service.Middleware.HeartBeatMiddleware.Invoke(HttpContext context) in C:\Users\ercan\Downloads\pk-sim-main\SimpraBootcamp\SimApi\SimApi\Middleware\HeartBeatMiddleware.cs:line 25
   at Swashbuckle.AspNetCore.SwaggerUI.SwaggerUIMiddleware.Invoke(HttpContext httpContext)
   at Swashbuckle.AspNetCore.Swagger.SwaggerMiddleware.Invoke(HttpContext httpContext, ISwaggerProvider swaggerProvider)
   at Microsoft.AspNetCore.Diagnostics.DeveloperExceptionPageMiddleware.Invoke(HttpContext context)
2023-06-06 18:22:13.243 [ERR] An exception was thrown attempting to display the error page.
System.ObjectDisposedException: Cannot access a disposed object.
Object name: 'The stream with Id c7ee7fb3-feb2-4375-bb12-c019a3f9a16a and Tag  is disposed.'.
   at Microsoft.IO.RecyclableMemoryStream.ThrowDisposedException() in /_/src/RecyclableMemoryStream.cs:line 1453
   at Microsoft.IO.RecyclableMemoryStream.Write(Byte[] buffer, Int32 offset, Int32 count) in /_/src/RecyclableMemoryStream.cs:line 997
   at System.IO.MemoryStream.WriteAsync(ReadOnlyMemory`1 buffer, CancellationToken cancellationToken)
--- End of stack trace from previous location ---
   at System.IO.Pipelines.StreamPipeWriter.FlushAsyncInternal(Boolean writeToStream, ReadOnlyMemory`1 data, CancellationToken cancellationToken)
   at Microsoft.AspNetCore.Diagnostics.DeveloperExceptionPageMiddleware.Invoke(HttpContext context)
2023-06-06 18:22:13.266 [ERR] Connection id "0HMR6K71LJ628", Request id "0HMR6K71LJ628:00000009": An unhandled exception was thrown by the application.
System.ObjectDisposedException: Cannot access a disposed object.
Object name: 'The stream with Id c7ee7fb3-feb2-4375-bb12-c019a3f9a16a and Tag  is disposed.'.
   at Microsoft.IO.RecyclableMemoryStream.ThrowDisposedException() in /_/src/RecyclableMemoryStream.cs:line 1453
   at Microsoft.IO.RecyclableMemoryStream.Write(Byte[] buffer, Int32 offset, Int32 count) in /_/src/RecyclableMemoryStream.cs:line 997
   at System.IO.MemoryStream.WriteAsync(ReadOnlyMemory`1 buffer, CancellationToken cancellationToken)
--- End of stack trace from previous location ---
   at System.IO.Pipelines.StreamPipeWriter.FlushAsyncInternal(Boolean writeToStream, ReadOnlyMemory`1 data, CancellationToken cancellationToken)
   at SimApi.Service.Middleware.ErrorHandlerMiddleware.Invoke(HttpContext context) in C:\Users\ercan\Downloads\pk-sim-main\SimpraBootcamp\SimApi\SimApi\Middleware\ErrorHandlerMiddleware.cs:line 33
   at SimApi.Service.Middleware.HeartBeatMiddleware.Invoke(HttpContext context) in C:\Users\ercan\Downloads\pk-sim-main\SimpraBootcamp\SimApi\SimApi\Middleware\HeartBeatMiddleware.cs:line 25
   at Swashbuckle.AspNetCore.SwaggerUI.SwaggerUIMiddleware.Invoke(HttpContext httpContext)
   at Swashbuckle.AspNetCore.Swagger.SwaggerMiddleware.Invoke(HttpContext httpContext, ISwaggerProvider swaggerProvider)
   at Microsoft.AspNetCore.Diagnostics.DeveloperExceptionPageMiddleware.Invoke(HttpContext context)
   at Microsoft.AspNetCore.Diagnostics.DeveloperExceptionPageMiddleware.Invoke(HttpContext context)
   at Microsoft.AspNetCore.Watch.BrowserRefresh.BrowserRefreshMiddleware.InvokeAsync(HttpContext context)
   at Microsoft.AspNetCore.Server.Kestrel.Core.Internal.Http.HttpProtocol.ProcessRequests[TContext](IHttpApplication`1 application)
2023-06-06 18:22:36.005 [INF] LogHeartBeatMiddleware.Invoke
2023-06-06 18:22:36.014 [INF] LogErrorHandlerMiddleware.Invoke
2023-06-06 18:22:36.017 [INF] LogRequestLoggingMiddleware.Invoke
2023-06-06 18:22:36.123 [FTL] Path=/api/DapperCategory || Method=GET || Exception=Unable to resolve service for type 'SimApi.Operation.Dapper.IDapperCategoryService' while attempting to activate 'SimApi.Service.Category.DapperCategoryController'.
2023-06-06 18:22:36.217 [ERR] An unhandled exception has occurred while executing the request.
System.ObjectDisposedException: Cannot access a disposed object.
Object name: 'The stream with Id 8eb8af1f-c7bf-4c50-9522-61044a548a89 and Tag  is disposed.'.
   at Microsoft.IO.RecyclableMemoryStream.ThrowDisposedException() in /_/src/RecyclableMemoryStream.cs:line 1453
   at Microsoft.IO.RecyclableMemoryStream.Write(Byte[] buffer, Int32 offset, Int32 count) in /_/src/RecyclableMemoryStream.cs:line 997
   at System.IO.MemoryStream.WriteAsync(ReadOnlyMemory`1 buffer, CancellationToken cancellationToken)
--- End of stack trace from previous location ---
   at System.IO.Pipelines.StreamPipeWriter.FlushAsyncInternal(Boolean writeToStream, ReadOnlyMemory`1 data, CancellationToken cancellationToken)
   at SimApi.Service.Middleware.ErrorHandlerMiddleware.Invoke(HttpContext context) in C:\Users\ercan\Downloads\pk-sim-main\SimpraBootcamp\SimApi\SimApi\Middleware\ErrorHandlerMiddleware.cs:line 33
   at SimApi.Service.Middleware.HeartBeatMiddleware.Invoke(HttpContext context) in C:\Users\ercan\Downloads\pk-sim-main\SimpraBootcamp\SimApi\SimApi\Middleware\HeartBeatMiddleware.cs:line 25
   at Swashbuckle.AspNetCore.SwaggerUI.SwaggerUIMiddleware.Invoke(HttpContext httpContext)
   at Swashbuckle.AspNetCore.Swagger.SwaggerMiddleware.Invoke(HttpContext httpContext, ISwaggerProvider swaggerProvider)
   at Microsoft.AspNetCore.Diagnostics.DeveloperExceptionPageMiddleware.Invoke(HttpContext context)
2023-06-06 18:22:36.254 [ERR] An exception was thrown attempting to display the error page.
System.ObjectDisposedException: Cannot access a disposed object.
Object name: 'The stream with Id 8eb8af1f-c7bf-4c50-9522-61044a548a89 and Tag  is disposed.'.
   at Microsoft.IO.RecyclableMemoryStream.ThrowDisposedException() in /_/src/RecyclableMemoryStream.cs:line 1453
   at Microsoft.IO.RecyclableMemoryStream.Write(Byte[] buffer, Int32 offset, Int32 count) in /_/src/RecyclableMemoryStream.cs:line 997
   at System.IO.MemoryStream.WriteAsync(ReadOnlyMemory`1 buffer, CancellationToken cancellationToken)
--- End of stack trace from previous location ---
   at System.IO.Pipelines.StreamPipeWriter.FlushAsyncInternal(Boolean writeToStream, ReadOnlyMemory`1 data, CancellationToken cancellationToken)
   at Microsoft.AspNetCore.Diagnostics.DeveloperExceptionPageMiddleware.Invoke(HttpContext context)
2023-06-06 18:22:36.266 [ERR] Connection id "0HMR6K71LJ628", Request id "0HMR6K71LJ628:0000000B": An unhandled exception was thrown by the application.
System.ObjectDisposedException: Cannot access a disposed object.
Object name: 'The stream with Id 8eb8af1f-c7bf-4c50-9522-61044a548a89 and Tag  is disposed.'.
   at Microsoft.IO.RecyclableMemoryStream.ThrowDisposedException() in /_/src/RecyclableMemoryStream.cs:line 1453
   at Microsoft.IO.RecyclableMemoryStream.Write(Byte[] buffer, Int32 offset, Int32 count) in /_/src/RecyclableMemoryStream.cs:line 997
   at System.IO.MemoryStream.WriteAsync(ReadOnlyMemory`1 buffer, CancellationToken cancellationToken)
--- End of stack trace from previous location ---
   at System.IO.Pipelines.StreamPipeWriter.FlushAsyncInternal(Boolean writeToStream, ReadOnlyMemory`1 data, CancellationToken cancellationToken)
   at SimApi.Service.Middleware.ErrorHandlerMiddleware.Invoke(HttpContext context) in C:\Users\ercan\Downloads\pk-sim-main\SimpraBootcamp\SimApi\SimApi\Middleware\ErrorHandlerMiddleware.cs:line 33
   at SimApi.Service.Middleware.HeartBeatMiddleware.Invoke(HttpContext context) in C:\Users\ercan\Downloads\pk-sim-main\SimpraBootcamp\SimApi\SimApi\Middleware\HeartBeatMiddleware.cs:line 25
   at Swashbuckle.AspNetCore.SwaggerUI.SwaggerUIMiddleware.Invoke(HttpContext httpContext)
   at Swashbuckle.AspNetCore.Swagger.SwaggerMiddleware.Invoke(HttpContext httpContext, ISwaggerProvider swaggerProvider)
   at Microsoft.AspNetCore.Diagnostics.DeveloperExceptionPageMiddleware.Invoke(HttpContext context)
   at Microsoft.AspNetCore.Diagnostics.DeveloperExceptionPageMiddleware.Invoke(HttpContext context)
   at Microsoft.AspNetCore.Watch.BrowserRefresh.BrowserRefreshMiddleware.InvokeAsync(HttpContext context)
   at Microsoft.AspNetCore.Server.Kestrel.Core.Internal.Http.HttpProtocol.ProcessRequests[TContext](IHttpApplication`1 application)
2023-06-06 18:25:16.923 [INF] Application is starting...
2023-06-06 18:26:26.002 [INF] Application is starting...
2023-06-06 18:26:33.850 [INF] LogHeartBeatMiddleware.Invoke
2023-06-06 18:26:33.859 [INF] LogErrorHandlerMiddleware.Invoke
2023-06-06 18:26:33.865 [INF] LogRequestLoggingMiddleware.Invoke
2023-06-06 18:26:41.159 [WRN] The 'bool' property 'IsValid' on entity type 'Account' is configured with a database-generated default. This default will always be used for inserts when the property has the value 'false', since this is the CLR default for the 'bool' type. Consider using the nullable 'bool?' type instead, so that the default will only be used for inserts when the property value is 'null'.
2023-06-06 18:26:41.171 [WRN] The 'bool' property 'IsValid' on entity type 'Customer' is configured with a database-generated default. This default will always be used for inserts when the property has the value 'false', since this is the CLR default for the 'bool' type. Consider using the nullable 'bool?' type instead, so that the default will only be used for inserts when the property value is 'null'.
2023-06-06 18:26:42.750 [WRN] Compiling a query which loads related collections for more than one collection navigation, either via 'Include' or through projection, but no 'QuerySplittingBehavior' has been configured. By default, Entity Framework will use 'QuerySplittingBehavior.SingleQuery', which can potentially result in slow query performance. See https://go.microsoft.com/fwlink/?linkid=2134277 for more information. To identify the query that's triggering this warning call 'ConfigureWarnings(w => w.Throw(RelationalEventId.MultipleCollectionIncludeWarning))'.
2023-06-06 18:26:50.462 [INF] -------------Request-Begin------------
2023-06-06 18:26:50.466 [INF] Http Request Information: 
Schema:https 
Host: localhost:7235 
Path: /simapi/v1/Customer 
QueryString:  
Request Body: 
2023-06-06 18:26:50.473 [INF] 

2023-06-06 18:26:50.479 [INF] Http Response Information: 
Schema:https 
Host: localhost:7235 
Path: /simapi/v1/Customer 
QueryString:  
StatusCode: 200 
Response Body: {"success":true,"message":"Success","response":[{"customerNumber":10010,"firstName":"10010","lastName":"10010","dateOfBirth":"2023-06-05T00:00:00","isValid":true,"accounts":[],"id":1}]}
2023-06-06 18:26:50.488 [INF] -------------Request-End------------
2023-06-06 18:27:00.655 [INF] LogHeartBeatMiddleware.Invoke
2023-06-06 18:27:00.661 [INF] LogErrorHandlerMiddleware.Invoke
2023-06-06 18:27:00.666 [INF] LogRequestLoggingMiddleware.Invoke
2023-06-06 18:27:04.103 [INF] -------------Request-Begin------------
2023-06-06 18:27:04.105 [INF] Http Request Information: 
Schema:https 
Host: localhost:7235 
Path: /api/DapperCategory 
QueryString:  
Request Body: 
2023-06-06 18:27:04.106 [INF] 

2023-06-06 18:27:04.108 [INF] Http Response Information: 
Schema:https 
Host: localhost:7235 
Path: /api/DapperCategory 
QueryString:  
StatusCode: 200 
Response Body: {"success":true,"message":"Success","response":[{"name":"küçük ev aletleri","order":20,"id":3}]}
2023-06-06 18:27:04.110 [INF] -------------Request-End------------
