2023-06-12 18:43:10.590 [INF] Application is starting...
2023-06-12 18:43:22.936 [INF] LogHeartBeatMiddleware.Invoke
2023-06-12 18:43:22.948 [INF] LogErrorHandlerMiddleware.Invoke
2023-06-12 18:43:22.957 [INF] LogRequestLoggingMiddleware.Invoke
2023-06-12 18:43:24.844 [INF] -------------Request-Begin------------
2023-06-12 18:43:24.848 [INF] Http Request Information: 
Schema:https 
Host: localhost:7235 
Path: /api/DapperCategory 
QueryString:  
Request Body: 
2023-06-12 18:43:24.852 [INF] 

2023-06-12 18:43:24.853 [INF] Http Response Information: 
Schema:https 
Host: localhost:7235 
Path: /api/DapperCategory 
QueryString:  
StatusCode: 200 
Response Body: {"success":true,"message":"Success","response":[{"name":"küçük ev aletleri","catOrder":10,"id":2}]}
2023-06-12 18:43:24.854 [INF] -------------Request-End------------
2023-06-12 18:43:34.712 [INF] LogHeartBeatMiddleware.Invoke
2023-06-12 18:43:34.716 [INF] LogErrorHandlerMiddleware.Invoke
2023-06-12 18:43:34.721 [INF] LogRequestLoggingMiddleware.Invoke
2023-06-12 18:43:35.757 [WRN] The 'bool' property 'IsValid' on entity type 'Account' is configured with a database-generated default. This default will always be used for inserts when the property has the value 'false', since this is the CLR default for the 'bool' type. Consider using the nullable 'bool?' type instead, so that the default will only be used for inserts when the property value is 'null'.
2023-06-12 18:43:35.766 [WRN] The 'bool' property 'IsValid' on entity type 'Customer' is configured with a database-generated default. This default will always be used for inserts when the property has the value 'false', since this is the CLR default for the 'bool' type. Consider using the nullable 'bool?' type instead, so that the default will only be used for inserts when the property value is 'null'.
2023-06-12 18:43:36.182 [INF] -------------Request-Begin------------
2023-06-12 18:43:36.183 [INF] Http Request Information: 
Schema:https 
Host: localhost:7235 
Path: /simapi/v1/Transaction/Report 
QueryString:  
Request Body: 
2023-06-12 18:43:36.184 [INF] 

2023-06-12 18:43:36.187 [INF] Http Response Information: 
Schema:https 
Host: localhost:7235 
Path: /simapi/v1/Transaction/Report 
QueryString:  
StatusCode: 200 
Response Body: {"success":true,"message":"Success","response":[{"accountId":9,"amount":2000.00,"direction":1,"transactionDate":"2023-06-11T11:37:45.9175466","description":"2k yatırma","referenceNumber":"84D5A4C72B","transactionCode":"WITHDRW","customerId":4,"accountNumber":1001036,"accountName":"1001036","customerNumber":100103,"firstName":"100103","lastName":"100103","id":1},{"accountId":9,"amount":1000.00,"direction":1,"transactionDate":"2023-06-11T11:37:57.1978574","description":"1k yatırma","referenceNumber":"285900A9ED","transactionCode":"WITHDRW","customerId":4,"accountNumber":1001036,"accountName":"1001036","customerNumber":100103,"firstName":"100103","lastName":"100103","id":2},{"accountId":3,"amount":1000.00,"direction":1,"transactionDate":"2023-06-11T11:39:33.659367","description":" 1k cekme","referenceNumber":"AADAEF8211","transactionCode":"WITHDRW","customerId":4,"accountNumber":1001032,"accountName":"1001032","customerNumber":100103,"firstName":"100103","lastName":"100103","id":3},{"accountId":3,"amount":5500.00,"direction":0,"transactionDate":"2023-06-11T11:39:55.5874018","description":"5500tl yatırma","referenceNumber":"D084AAB2F9","transactionCode":"DEPOSIT","customerId":4,"accountNumber":1001032,"accountName":"1001032","customerNumber":100103,"firstName":"100103","lastName":"100103","id":4},{"accountId":3,"amount":10000.00,"direction":0,"transactionDate":"2023-06-11T11:40:09.9497837","description":"11000tl yatırma","referenceNumber":"872288F078","transactionCode":"DEPOSIT","customerId":4,"accountNumber":1001032,"accountName":"1001032","customerNumber":100103,"firstName":"100103","lastName":"100103","id":5},{"accountId":1,"amount":500.00,"direction":0,"transactionDate":"2023-06-11T11:40:51.155626","description":"eft","referenceNumber":"1C8803A6C2","transactionCode":"TRANSOT","customerId":1,"accountNumber":1001012,"accountName":"1001012","customerNumber":100101,"firstName":"100101","lastName":"100101","id":6},{"accountId":3,"amount":500.00,"direction":1,"transactionDate":"2023-06-11T11:40:51.1558062","description":"eft","referenceNumber":"1C8803A6C2","transactionCode":"TRANSOT","customerId":4,"accountNumber":1001032,"accountName":"1001032","customerNumber":100103,"firstName":"100103","lastName":"100103","id":7},{"accountId":1,"amount":3500.00,"direction":0,"transactionDate":"2023-06-11T11:41:05.568629","description":"eft","referenceNumber":"4D2F8D7A16","transactionCode":"TRANSOT","customerId":1,"accountNumber":1001012,"accountName":"1001012","customerNumber":100101,"firstName":"100101","lastName":"100101","id":8},{"accountId":3,"amount":3500.00,"direction":1,"transactionDate":"2023-06-11T11:41:05.5686875","description":"eft","referenceNumber":"4D2F8D7A16","transactionCode":"TRANSOT","customerId":4,"accountNumber":1001032,"accountName":"1001032","customerNumber":100103,"firstName":"100103","lastName":"100103","id":9}]}
2023-06-12 18:43:36.191 [INF] -------------Request-End------------
